#
# There is insufficient memory for the Java Runtime Environment to continue.
# Native memory allocation (malloc) failed to allocate 32744 bytes for ChunkPool::allocate
# Possible reasons:
#   The system is out of physical RAM or swap space
#   The process is running with CompressedOops enabled, and the Java Heap may be blocking the growth of the native heap
# Possible solutions:
#   Reduce memory load on the system
#   Increase physical memory or swap space
#   Check if swap backing store is full
#   Decrease Java heap size (-Xmx/-Xms)
#   Decrease number of Java threads
#   Decrease Java thread stack sizes (-Xss)
#   Set larger code cache with -XX:ReservedCodeCacheSize=
#   JVM is running with Unscaled Compressed Oops mode in which the Java heap is
#     placed in the first 4GB address space. The Java Heap base address is the
#     maximum limit for the native heap growth. Please use -XX:HeapBaseMinAddress
#     to set the Java Heap base and to place the Java Heap above 4GB virtual address.
# This output file may be truncated or incomplete.
#
#  Out of Memory Error (./open/src/hotspot/share/memory/arena.cpp:79), pid=17368, tid=16492
#
# JRE version: Java(TM) SE Runtime Environment (15.0+36) (build 15+36-1562)
# Java VM: Java HotSpot(TM) 64-Bit Server VM (15+36-1562, mixed mode, sharing, tiered, compressed oops, g1 gc, windows-amd64)
# No core dump will be written. Minidumps are not enabled by default on client versions of Windows
#

---------------  S U M M A R Y ------------

Command Line: -Dfile.encoding=Cp1254 -XX:+ShowCodeDetailsInExceptionMessages Cse241_Hw7.main

Host: Intel(R) Core(TM) i5-7300HQ CPU @ 2.50GHz, 4 cores, 7G,  Windows 10 , 64 bit Build 19041 (10.0.19041.662)
Time: Sun Jan 24 20:35:04 2021 Turkey Standard Time elapsed time: 0.516809 seconds (0d 0h 0m 0s)

---------------  T H R E A D  ---------------

Current thread (0x000001e3c3f38a60):  JavaThread "C1 CompilerThread0" daemon [_thread_in_native, id=16492, stack(0x0000000101300000,0x0000000101400000)]


Current CompileTask:
C1:    516  747 % !   3       sun.awt.image.PNGImageDecoder::produceImage @ 960 (1917 bytes)

Stack: [0x0000000101300000,0x0000000101400000]
Native frames: (J=compiled Java code, j=interpreted, Vv=VM code, C=native code)
V  [jvm.dll+0x629eaa]
V  [jvm.dll+0x780379]
V  [jvm.dll+0x781ad3]
V  [jvm.dll+0x782133]
V  [jvm.dll+0x2159d5]
V  [jvm.dll+0x97cdf]
V  [jvm.dll+0x9802c]
V  [jvm.dll+0x158813]
V  [jvm.dll+0x155dda]
V  [jvm.dll+0x10fa15]
V  [jvm.dll+0x10f2cf]
V  [jvm.dll+0x10f504]
V  [jvm.dll+0x10e842]
V  [jvm.dll+0x1106dc]
V  [jvm.dll+0x1f88f5]
V  [jvm.dll+0x1f699c]
V  [jvm.dll+0x74384d]
V  [jvm.dll+0x73c64a]
V  [jvm.dll+0x628d16]
C  [ucrtbase.dll+0x214c2]
C  [KERNEL32.DLL+0x17034]
C  [ntdll.dll+0x4d0d1]


---------------  P R O C E S S  ---------------

Threads class SMR info:
_java_thread_list=0x000001e3c58054e0, length=16, elements={
0x000001e3a3de57b0, 0x000001e3c3f0a0c0, 0x000001e3c3f0ac90, 0x000001e3c3f25a40,
0x000001e3c3f2a410, 0x000001e3c3f2adc0, 0x000001e3c3f34ac0, 0x000001e3c3f38a60,
0x000001e3c3f3ac40, 0x000001e3c4983e00, 0x000001e3c4991210, 0x000001e3c4a07110,
0x000001e3c4c008c0, 0x000001e3c4c00d90, 0x000001e3c4c025a0, 0x000001e3c4c01730
}

Java Threads: ( => current thread )
  0x000001e3a3de57b0 JavaThread "main" [_thread_blocked, id=10632, stack(0x0000000100600000,0x0000000100700000)]
  0x000001e3c3f0a0c0 JavaThread "Reference Handler" daemon [_thread_blocked, id=10784, stack(0x0000000100d00000,0x0000000100e00000)]
  0x000001e3c3f0ac90 JavaThread "Finalizer" daemon [_thread_blocked, id=14492, stack(0x0000000100e00000,0x0000000100f00000)]
  0x000001e3c3f25a40 JavaThread "Signal Dispatcher" daemon [_thread_blocked, id=6688, stack(0x0000000100f00000,0x0000000101000000)]
  0x000001e3c3f2a410 JavaThread "Attach Listener" daemon [_thread_blocked, id=3276, stack(0x0000000101000000,0x0000000101100000)]
  0x000001e3c3f2adc0 JavaThread "Service Thread" daemon [_thread_blocked, id=13452, stack(0x0000000101100000,0x0000000101200000)]
  0x000001e3c3f34ac0 JavaThread "C2 CompilerThread0" daemon [_thread_blocked, id=14656, stack(0x0000000101200000,0x0000000101300000)]
=>0x000001e3c3f38a60 JavaThread "C1 CompilerThread0" daemon [_thread_in_native, id=16492, stack(0x0000000101300000,0x0000000101400000)]
  0x000001e3c3f3ac40 JavaThread "Sweeper thread" daemon [_thread_blocked, id=15312, stack(0x0000000101400000,0x0000000101500000)]
  0x000001e3c4983e00 JavaThread "Notification Thread" daemon [_thread_blocked, id=4976, stack(0x0000000101500000,0x0000000101600000)]
  0x000001e3c4991210 JavaThread "Common-Cleaner" daemon [_thread_blocked, id=11928, stack(0x0000000101700000,0x0000000101800000)]
  0x000001e3c4a07110 JavaThread "C2 CompilerThread1" daemon [_thread_in_native, id=12796, stack(0x0000000101800000,0x0000000101900000)]
  0x000001e3c4c008c0 JavaThread "Java2D Disposer" daemon [_thread_blocked, id=1104, stack(0x0000000101900000,0x0000000101a00000)]
  0x000001e3c4c00d90 JavaThread "AWT-Shutdown" [_thread_blocked, id=12568, stack(0x0000000101a00000,0x0000000101b00000)]
  0x000001e3c4c025a0 JavaThread "AWT-Windows" daemon [_thread_in_native, id=1744, stack(0x0000000101b00000,0x0000000101c00000)]
  0x000001e3c4c01730 JavaThread "AWT-EventQueue-0" [_thread_in_native, id=15324, stack(0x0000000101c00000,0x0000000101d00000)]

Other Threads:
  0x000001e3c3f09850 VMThread "VM Thread" [stack: 0x0000000100c00000,0x0000000100d00000] [id=10320]
  0x000001e3c4990af0 WatcherThread [stack: 0x0000000101600000,0x0000000101700000] [id=16328]
  0x000001e3a3e1ec60 GCTaskThread "GC Thread#0" [stack: 0x0000000100700000,0x0000000100800000] [id=14620]
  0x000001e3a3e302d0 ConcurrentGCThread "G1 Main Marker" [stack: 0x0000000100800000,0x0000000100900000] [id=15980]
  0x000001e3a3e30f40 ConcurrentGCThread "G1 Conc#0" [stack: 0x0000000100900000,0x0000000100a00000] [id=12900]
  0x000001e3a3eaa510 ConcurrentGCThread "G1 Refine#0" [stack: 0x0000000100a00000,0x0000000100b00000] [id=10356]
  0x000001e3a3eab190 ConcurrentGCThread "G1 Young RemSet Sampling" [stack: 0x0000000100b00000,0x0000000100c00000] [id=16616]

Threads with active compile tasks:
C1 CompilerThread0      554  747 % !   3       sun.awt.image.PNGImageDecoder::produceImage @ 960 (1917 bytes)
C2 CompilerThread1      554  758       4       sun.awt.image.PNGImageDecoder::filterRow (460 bytes)

VM state: not at safepoint (normal execution)

VM Mutex/Monitor currently owned by a thread: None

OutOfMemory and StackOverflow Exception counts:
OutOfMemoryError java_heap_errors=1
LinkageErrors=8

Heap address: 0x0000000082000000, size: 2016 MB, Compressed Oops mode: 32-bit
CDS archive(s) mapped at: [0x0000000800000000-0x0000000800b50000-0x0000000800b50000), size 11862016, SharedBaseAddress: 0x0000000800000000, ArchiveRelocationMode: 0.
Compressed class space mapped at: 0x0000000800b50000-0x0000000840b50000, size: 1073741824
Narrow klass base: 0x0000000800000000, Narrow klass shift: 3, Narrow klass range: 0x100000000

GC Precious Log:
 CPUs: 4 total, 4 available
 Memory: 8057M
 Large Page Support: Disabled
 NUMA Support: Disabled
 Compressed Oops: Enabled (32-bit)
 Heap Region Size: 1M
 Heap Min Capacity: 8M
 Heap Initial Capacity: 126M
 Heap Max Capacity: 2016M
 Pre-touch: Disabled
 Parallel Workers: 4
 Concurrent Workers: 1
 Concurrent Refinement Workers: 4
 Periodic GC: Disabled

Heap:
 garbage-first heap   total 129024K, used 15360K [0x0000000082000000, 0x0000000100000000)
  region size 1024K, 13 young (13312K), 0 survivors (0K)
 Metaspace       used 6670K, capacity 6784K, committed 7040K, reserved 1062912K
  class space    used 732K, capacity 804K, committed 896K, reserved 1048576K

Heap Regions: E=young(eden), S=young(survivor), O=old, HS=humongous(starts), HC=humongous(continues), CS=collection set, F=free, OA=open archive, CA=closed archive, TAMS=top-at-mark-start (previous, next)
|   0|0x0000000082000000, 0x0000000082100000, 0x0000000082100000|100%|HS|  |TAMS 0x0000000082000000, 0x0000000082000000| Complete 
|   1|0x0000000082100000, 0x0000000082200000, 0x0000000082200000|100%|HS|  |TAMS 0x0000000082100000, 0x0000000082100000| Complete 
|   2|0x0000000082200000, 0x0000000082300000, 0x0000000082300000|100%|HC|  |TAMS 0x0000000082200000, 0x0000000082200000| Complete 
|   3|0x0000000082300000, 0x0000000082400000, 0x0000000082400000|100%|HC|  |TAMS 0x0000000082300000, 0x0000000082300000| Complete 
|   4|0x0000000082400000, 0x0000000082400000, 0x0000000082500000|  0%| F|  |TAMS 0x0000000082400000, 0x0000000082400000| Untracked 
|   5|0x0000000082500000, 0x0000000082500000, 0x0000000082600000|  0%| F|  |TAMS 0x0000000082500000, 0x0000000082500000| Untracked 
|   6|0x0000000082600000, 0x0000000082600000, 0x0000000082700000|  0%| F|  |TAMS 0x0000000082600000, 0x0000000082600000| Untracked 
|   7|0x0000000082700000, 0x0000000082700000, 0x0000000082800000|  0%| F|  |TAMS 0x0000000082700000, 0x0000000082700000| Untracked 
|   8|0x0000000082800000, 0x0000000082800000, 0x0000000082900000|  0%| F|  |TAMS 0x0000000082800000, 0x0000000082800000| Untracked 
|   9|0x0000000082900000, 0x0000000082900000, 0x0000000082a00000|  0%| F|  |TAMS 0x0000000082900000, 0x0000000082900000| Untracked 
|  10|0x0000000082a00000, 0x0000000082a00000, 0x0000000082b00000|  0%| F|  |TAMS 0x0000000082a00000, 0x0000000082a00000| Untracked 
|  11|0x0000000082b00000, 0x0000000082b00000, 0x0000000082c00000|  0%| F|  |TAMS 0x0000000082b00000, 0x0000000082b00000| Untracked 
|  12|0x0000000082c00000, 0x0000000082c00000, 0x0000000082d00000|  0%| F|  |TAMS 0x0000000082c00000, 0x0000000082c00000| Untracked 
|  13|0x0000000082d00000, 0x0000000082d00000, 0x0000000082e00000|  0%| F|  |TAMS 0x0000000082d00000, 0x0000000082d00000| Untracked 
|  14|0x0000000082e00000, 0x0000000082e00000, 0x0000000082f00000|  0%| F|  |TAMS 0x0000000082e00000, 0x0000000082e00000| Untracked 
|  15|0x0000000082f00000, 0x0000000082f00000, 0x0000000083000000|  0%| F|  |TAMS 0x0000000082f00000, 0x0000000082f00000| Untracked 
|  16|0x0000000083000000, 0x0000000083000000, 0x0000000083100000|  0%| F|  |TAMS 0x0000000083000000, 0x0000000083000000| Untracked 
|  17|0x0000000083100000, 0x0000000083100000, 0x0000000083200000|  0%| F|  |TAMS 0x0000000083100000, 0x0000000083100000| Untracked 
|  18|0x0000000083200000, 0x0000000083200000, 0x0000000083300000|  0%| F|  |TAMS 0x0000000083200000, 0x0000000083200000| Untracked 
|  19|0x0000000083300000, 0x0000000083300000, 0x0000000083400000|  0%| F|  |TAMS 0x0000000083300000, 0x0000000083300000| Untracked 
|  20|0x0000000083400000, 0x0000000083400000, 0x0000000083500000|  0%| F|  |TAMS 0x0000000083400000, 0x0000000083400000| Untracked 
|  21|0x0000000083500000, 0x0000000083500000, 0x0000000083600000|  0%| F|  |TAMS 0x0000000083500000, 0x0000000083500000| Untracked 
|  22|0x0000000083600000, 0x0000000083600000, 0x0000000083700000|  0%| F|  |TAMS 0x0000000083600000, 0x0000000083600000| Untracked 
|  23|0x0000000083700000, 0x0000000083700000, 0x0000000083800000|  0%| F|  |TAMS 0x0000000083700000, 0x0000000083700000| Untracked 
|  24|0x0000000083800000, 0x0000000083800000, 0x0000000083900000|  0%| F|  |TAMS 0x0000000083800000, 0x0000000083800000| Untracked 
|  25|0x0000000083900000, 0x0000000083900000, 0x0000000083a00000|  0%| F|  |TAMS 0x0000000083900000, 0x0000000083900000| Untracked 
|  26|0x0000000083a00000, 0x0000000083a00000, 0x0000000083b00000|  0%| F|  |TAMS 0x0000000083a00000, 0x0000000083a00000| Untracked 
|  27|0x0000000083b00000, 0x0000000083b00000, 0x0000000083c00000|  0%| F|  |TAMS 0x0000000083b00000, 0x0000000083b00000| Untracked 
|  28|0x0000000083c00000, 0x0000000083c00000, 0x0000000083d00000|  0%| F|  |TAMS 0x0000000083c00000, 0x0000000083c00000| Untracked 
|  29|0x0000000083d00000, 0x0000000083d00000, 0x0000000083e00000|  0%| F|  |TAMS 0x0000000083d00000, 0x0000000083d00000| Untracked 
|  30|0x0000000083e00000, 0x0000000083e00000, 0x0000000083f00000|  0%| F|  |TAMS 0x0000000083e00000, 0x0000000083e00000| Untracked 
|  31|0x0000000083f00000, 0x0000000083f00000, 0x0000000084000000|  0%| F|  |TAMS 0x0000000083f00000, 0x0000000083f00000| Untracked 
|  32|0x0000000084000000, 0x0000000084000000, 0x0000000084100000|  0%| F|  |TAMS 0x0000000084000000, 0x0000000084000000| Untracked 
|  33|0x0000000084100000, 0x0000000084100000, 0x0000000084200000|  0%| F|  |TAMS 0x0000000084100000, 0x0000000084100000| Untracked 
|  34|0x0000000084200000, 0x0000000084200000, 0x0000000084300000|  0%| F|  |TAMS 0x0000000084200000, 0x0000000084200000| Untracked 
|  35|0x0000000084300000, 0x0000000084300000, 0x0000000084400000|  0%| F|  |TAMS 0x0000000084300000, 0x0000000084300000| Untracked 
|  36|0x0000000084400000, 0x0000000084400000, 0x0000000084500000|  0%| F|  |TAMS 0x0000000084400000, 0x0000000084400000| Untracked 
|  37|0x0000000084500000, 0x0000000084500000, 0x0000000084600000|  0%| F|  |TAMS 0x0000000084500000, 0x0000000084500000| Untracked 
|  38|0x0000000084600000, 0x0000000084600000, 0x0000000084700000|  0%| F|  |TAMS 0x0000000084600000, 0x0000000084600000| Untracked 
|  39|0x0000000084700000, 0x0000000084700000, 0x0000000084800000|  0%| F|  |TAMS 0x0000000084700000, 0x0000000084700000| Untracked 
|  40|0x0000000084800000, 0x0000000084800000, 0x0000000084900000|  0%| F|  |TAMS 0x0000000084800000, 0x0000000084800000| Untracked 
|  41|0x0000000084900000, 0x0000000084900000, 0x0000000084a00000|  0%| F|  |TAMS 0x0000000084900000, 0x0000000084900000| Untracked 
|  42|0x0000000084a00000, 0x0000000084a00000, 0x0000000084b00000|  0%| F|  |TAMS 0x0000000084a00000, 0x0000000084a00000| Untracked 
|  43|0x0000000084b00000, 0x0000000084b00000, 0x0000000084c00000|  0%| F|  |TAMS 0x0000000084b00000, 0x0000000084b00000| Untracked 
|  44|0x0000000084c00000, 0x0000000084c00000, 0x0000000084d00000|  0%| F|  |TAMS 0x0000000084c00000, 0x0000000084c00000| Untracked 
|  45|0x0000000084d00000, 0x0000000084d00000, 0x0000000084e00000|  0%| F|  |TAMS 0x0000000084d00000, 0x0000000084d00000| Untracked 
|  46|0x0000000084e00000, 0x0000000084e00000, 0x0000000084f00000|  0%| F|  |TAMS 0x0000000084e00000, 0x0000000084e00000| Untracked 
|  47|0x0000000084f00000, 0x0000000084f00000, 0x0000000085000000|  0%| F|  |TAMS 0x0000000084f00000, 0x0000000084f00000| Untracked 
|  48|0x0000000085000000, 0x0000000085000000, 0x0000000085100000|  0%| F|  |TAMS 0x0000000085000000, 0x0000000085000000| Untracked 
|  49|0x0000000085100000, 0x0000000085100000, 0x0000000085200000|  0%| F|  |TAMS 0x0000000085100000, 0x0000000085100000| Untracked 
|  50|0x0000000085200000, 0x0000000085200000, 0x0000000085300000|  0%| F|  |TAMS 0x0000000085200000, 0x0000000085200000| Untracked 
|  51|0x0000000085300000, 0x0000000085300000, 0x0000000085400000|  0%| F|  |TAMS 0x0000000085300000, 0x0000000085300000| Untracked 
|  52|0x0000000085400000, 0x0000000085400000, 0x0000000085500000|  0%| F|  |TAMS 0x0000000085400000, 0x0000000085400000| Untracked 
|  53|0x0000000085500000, 0x0000000085500000, 0x0000000085600000|  0%| F|  |TAMS 0x0000000085500000, 0x0000000085500000| Untracked 
|  54|0x0000000085600000, 0x0000000085600000, 0x0000000085700000|  0%| F|  |TAMS 0x0000000085600000, 0x0000000085600000| Untracked 
|  55|0x0000000085700000, 0x0000000085700000, 0x0000000085800000|  0%| F|  |TAMS 0x0000000085700000, 0x0000000085700000| Untracked 
|  56|0x0000000085800000, 0x0000000085800000, 0x0000000085900000|  0%| F|  |TAMS 0x0000000085800000, 0x0000000085800000| Untracked 
|  57|0x0000000085900000, 0x0000000085900000, 0x0000000085a00000|  0%| F|  |TAMS 0x0000000085900000, 0x0000000085900000| Untracked 
|  58|0x0000000085a00000, 0x0000000085a00000, 0x0000000085b00000|  0%| F|  |TAMS 0x0000000085a00000, 0x0000000085a00000| Untracked 
|  59|0x0000000085b00000, 0x0000000085b00000, 0x0000000085c00000|  0%| F|  |TAMS 0x0000000085b00000, 0x0000000085b00000| Untracked 
|  60|0x0000000085c00000, 0x0000000085c00000, 0x0000000085d00000|  0%| F|  |TAMS 0x0000000085c00000, 0x0000000085c00000| Untracked 
|  61|0x0000000085d00000, 0x0000000085d00000, 0x0000000085e00000|  0%| F|  |TAMS 0x0000000085d00000, 0x0000000085d00000| Untracked 
|  62|0x0000000085e00000, 0x0000000085e00000, 0x0000000085f00000|  0%| F|  |TAMS 0x0000000085e00000, 0x0000000085e00000| Untracked 
|  63|0x0000000085f00000, 0x0000000085f00000, 0x0000000086000000|  0%| F|  |TAMS 0x0000000085f00000, 0x0000000085f00000| Untracked 
|  64|0x0000000086000000, 0x0000000086000000, 0x0000000086100000|  0%| F|  |TAMS 0x0000000086000000, 0x0000000086000000| Untracked 
|  65|0x0000000086100000, 0x0000000086100000, 0x0000000086200000|  0%| F|  |TAMS 0x0000000086100000, 0x0000000086100000| Untracked 
|  66|0x0000000086200000, 0x0000000086200000, 0x0000000086300000|  0%| F|  |TAMS 0x0000000086200000, 0x0000000086200000| Untracked 
|  67|0x0000000086300000, 0x0000000086300000, 0x0000000086400000|  0%| F|  |TAMS 0x0000000086300000, 0x0000000086300000| Untracked 
|  68|0x0000000086400000, 0x0000000086400000, 0x0000000086500000|  0%| F|  |TAMS 0x0000000086400000, 0x0000000086400000| Untracked 
|  69|0x0000000086500000, 0x0000000086500000, 0x0000000086600000|  0%| F|  |TAMS 0x0000000086500000, 0x0000000086500000| Untracked 
|  70|0x0000000086600000, 0x0000000086600000, 0x0000000086700000|  0%| F|  |TAMS 0x0000000086600000, 0x0000000086600000| Untracked 
|  71|0x0000000086700000, 0x0000000086700000, 0x0000000086800000|  0%| F|  |TAMS 0x0000000086700000, 0x0000000086700000| Untracked 
|  72|0x0000000086800000, 0x0000000086800000, 0x0000000086900000|  0%| F|  |TAMS 0x0000000086800000, 0x0000000086800000| Untracked 
|  73|0x0000000086900000, 0x0000000086900000, 0x0000000086a00000|  0%| F|  |TAMS 0x0000000086900000, 0x0000000086900000| Untracked 
|  74|0x0000000086a00000, 0x0000000086a00000, 0x0000000086b00000|  0%| F|  |TAMS 0x0000000086a00000, 0x0000000086a00000| Untracked 
|  75|0x0000000086b00000, 0x0000000086b00000, 0x0000000086c00000|  0%| F|  |TAMS 0x0000000086b00000, 0x0000000086b00000| Untracked 
|  76|0x0000000086c00000, 0x0000000086c00000, 0x0000000086d00000|  0%| F|  |TAMS 0x0000000086c00000, 0x0000000086c00000| Untracked 
|  77|0x0000000086d00000, 0x0000000086d00000, 0x0000000086e00000|  0%| F|  |TAMS 0x0000000086d00000, 0x0000000086d00000| Untracked 
|  78|0x0000000086e00000, 0x0000000086e00000, 0x0000000086f00000|  0%| F|  |TAMS 0x0000000086e00000, 0x0000000086e00000| Untracked 
|  79|0x0000000086f00000, 0x0000000086f00000, 0x0000000087000000|  0%| F|  |TAMS 0x0000000086f00000, 0x0000000086f00000| Untracked 
|  80|0x0000000087000000, 0x0000000087000000, 0x0000000087100000|  0%| F|  |TAMS 0x0000000087000000, 0x0000000087000000| Untracked 
|  81|0x0000000087100000, 0x0000000087100000, 0x0000000087200000|  0%| F|  |TAMS 0x0000000087100000, 0x0000000087100000| Untracked 
|  82|0x0000000087200000, 0x0000000087200000, 0x0000000087300000|  0%| F|  |TAMS 0x0000000087200000, 0x0000000087200000| Untracked 
|  83|0x0000000087300000, 0x0000000087300000, 0x0000000087400000|  0%| F|  |TAMS 0x0000000087300000, 0x0000000087300000| Untracked 
|  84|0x0000000087400000, 0x0000000087400000, 0x0000000087500000|  0%| F|  |TAMS 0x0000000087400000, 0x0000000087400000| Untracked 
|  85|0x0000000087500000, 0x0000000087500000, 0x0000000087600000|  0%| F|  |TAMS 0x0000000087500000, 0x0000000087500000| Untracked 
|  86|0x0000000087600000, 0x0000000087600000, 0x0000000087700000|  0%| F|  |TAMS 0x0000000087600000, 0x0000000087600000| Untracked 
|  87|0x0000000087700000, 0x0000000087700000, 0x0000000087800000|  0%| F|  |TAMS 0x0000000087700000, 0x0000000087700000| Untracked 
|  88|0x0000000087800000, 0x0000000087800000, 0x0000000087900000|  0%| F|  |TAMS 0x0000000087800000, 0x0000000087800000| Untracked 
|  89|0x0000000087900000, 0x0000000087900000, 0x0000000087a00000|  0%| F|  |TAMS 0x0000000087900000, 0x0000000087900000| Untracked 
|  90|0x0000000087a00000, 0x0000000087a00000, 0x0000000087b00000|  0%| F|  |TAMS 0x0000000087a00000, 0x0000000087a00000| Untracked 
|  91|0x0000000087b00000, 0x0000000087b00000, 0x0000000087c00000|  0%| F|  |TAMS 0x0000000087b00000, 0x0000000087b00000| Untracked 
|  92|0x0000000087c00000, 0x0000000087c00000, 0x0000000087d00000|  0%| F|  |TAMS 0x0000000087c00000, 0x0000000087c00000| Untracked 
|  93|0x0000000087d00000, 0x0000000087d00000, 0x0000000087e00000|  0%| F|  |TAMS 0x0000000087d00000, 0x0000000087d00000| Untracked 
|  94|0x0000000087e00000, 0x0000000087e00000, 0x0000000087f00000|  0%| F|  |TAMS 0x0000000087e00000, 0x0000000087e00000| Untracked 
|  95|0x0000000087f00000, 0x0000000087f00000, 0x0000000088000000|  0%| F|  |TAMS 0x0000000087f00000, 0x0000000087f00000| Untracked 
|  96|0x0000000088000000, 0x0000000088000000, 0x0000000088100000|  0%| F|  |TAMS 0x0000000088000000, 0x0000000088000000| Untracked 
|  97|0x0000000088100000, 0x0000000088100000, 0x0000000088200000|  0%| F|  |TAMS 0x0000000088100000, 0x0000000088100000| Untracked 
|  98|0x0000000088200000, 0x0000000088200000, 0x0000000088300000|  0%| F|  |TAMS 0x0000000088200000, 0x0000000088200000| Untracked 
|  99|0x0000000088300000, 0x0000000088300000, 0x0000000088400000|  0%| F|  |TAMS 0x0000000088300000, 0x0000000088300000| Untracked 
| 100|0x0000000088400000, 0x0000000088400000, 0x0000000088500000|  0%| F|  |TAMS 0x0000000088400000, 0x0000000088400000| Untracked 
| 101|0x0000000088500000, 0x0000000088500000, 0x0000000088600000|  0%| F|  |TAMS 0x0000000088500000, 0x0000000088500000| Untracked 
| 102|0x0000000088600000, 0x0000000088600000, 0x0000000088700000|  0%| F|  |TAMS 0x0000000088600000, 0x0000000088600000| Untracked 
| 103|0x0000000088700000, 0x0000000088700000, 0x0000000088800000|  0%| F|  |TAMS 0x0000000088700000, 0x0000000088700000| Untracked 
| 104|0x0000000088800000, 0x0000000088800000, 0x0000000088900000|  0%| F|  |TAMS 0x0000000088800000, 0x0000000088800000| Untracked 
| 105|0x0000000088900000, 0x0000000088900000, 0x0000000088a00000|  0%| F|  |TAMS 0x0000000088900000, 0x0000000088900000| Untracked 
| 106|0x0000000088a00000, 0x0000000088a00000, 0x0000000088b00000|  0%| F|  |TAMS 0x0000000088a00000, 0x0000000088a00000| Untracked 
| 107|0x0000000088b00000, 0x0000000088b00000, 0x0000000088c00000|  0%| F|  |TAMS 0x0000000088b00000, 0x0000000088b00000| Untracked 
| 108|0x0000000088c00000, 0x0000000088c00000, 0x0000000088d00000|  0%| F|  |TAMS 0x0000000088c00000, 0x0000000088c00000| Untracked 
| 109|0x0000000088d00000, 0x0000000088d00000, 0x0000000088e00000|  0%| F|  |TAMS 0x0000000088d00000, 0x0000000088d00000| Untracked 
| 110|0x0000000088e00000, 0x0000000088e00000, 0x0000000088f00000|  0%| F|  |TAMS 0x0000000088e00000, 0x0000000088e00000| Untracked 
| 111|0x0000000088f00000, 0x0000000088f00000, 0x0000000089000000|  0%| F|  |TAMS 0x0000000088f00000, 0x0000000088f00000| Untracked 
| 112|0x0000000089000000, 0x0000000089000000, 0x0000000089100000|  0%| F|  |TAMS 0x0000000089000000, 0x0000000089000000| Untracked 
| 113|0x0000000089100000, 0x00000000891436e8, 0x0000000089200000| 26%| E|  |TAMS 0x0000000089100000, 0x0000000089100000| Complete 
| 114|0x0000000089200000, 0x0000000089300000, 0x0000000089300000|100%| E|CS|TAMS 0x0000000089200000, 0x0000000089200000| Complete 
| 115|0x0000000089300000, 0x0000000089400000, 0x0000000089400000|100%| E|CS|TAMS 0x0000000089300000, 0x0000000089300000| Complete 
| 116|0x0000000089400000, 0x0000000089500000, 0x0000000089500000|100%| E|CS|TAMS 0x0000000089400000, 0x0000000089400000| Complete 
| 117|0x0000000089500000, 0x0000000089600000, 0x0000000089600000|100%| E|CS|TAMS 0x0000000089500000, 0x0000000089500000| Complete 
| 118|0x0000000089600000, 0x0000000089700000, 0x0000000089700000|100%| E|  |TAMS 0x0000000089600000, 0x0000000089600000| Complete 
| 119|0x0000000089700000, 0x0000000089800000, 0x0000000089800000|100%| E|CS|TAMS 0x0000000089700000, 0x0000000089700000| Complete 
| 120|0x0000000089800000, 0x0000000089900000, 0x0000000089900000|100%| E|CS|TAMS 0x0000000089800000, 0x0000000089800000| Complete 
| 121|0x0000000089900000, 0x0000000089a00000, 0x0000000089a00000|100%| E|CS|TAMS 0x0000000089900000, 0x0000000089900000| Complete 
| 122|0x0000000089a00000, 0x0000000089b00000, 0x0000000089b00000|100%| E|CS|TAMS 0x0000000089a00000, 0x0000000089a00000| Complete 
| 123|0x0000000089b00000, 0x0000000089c00000, 0x0000000089c00000|100%| E|CS|TAMS 0x0000000089b00000, 0x0000000089b00000| Complete 
| 124|0x0000000089c00000, 0x0000000089d00000, 0x0000000089d00000|100%| E|CS|TAMS 0x0000000089c00000, 0x0000000089c00000| Complete 
| 125|0x0000000089d00000, 0x0000000089e00000, 0x0000000089e00000|100%| E|CS|TAMS 0x0000000089d00000, 0x0000000089d00000| Complete 

Card table byte_map: [0x000001e3bd250000,0x000001e3bd640000] _byte_map_base: 0x000001e3bce40000

Marking Bits (Prev, Next): (CMBitMap*) 0x000001e3a3e1f4d0, (CMBitMap*) 0x000001e3a3e1f510
 Prev Bits: [0x000001e3bda30000, 0x000001e3bf9b0000)
 Next Bits: [0x000001e3bf9b0000, 0x000001e3c1930000)

Polling page: 0x000001e3a3bc0000

Metaspace:

Usage:
  Non-class:      5.84 MB capacity,     5.80 MB (>99%) used,    31.27 KB ( <1%) free+waste,    10.00 KB ( <1%) overhead. 
      Class:    804.00 KB capacity,   732.02 KB ( 91%) used,    67.36 KB (  8%) free+waste,     4.62 KB ( <1%) overhead. 
       Both:      6.62 MB capacity,     6.51 MB ( 98%) used,    98.62 KB (  1%) free+waste,    14.62 KB ( <1%) overhead. 

Virtual space:
  Non-class space:       14.00 MB reserved,       6.00 MB ( 43%) committed 
      Class space:        1.00 GB reserved,     896.00 KB ( <1%) committed 
             Both:        1.01 GB reserved,       6.88 MB ( <1%) committed 

Chunk freelists:
   Non-Class:  36.00 KB
       Class:  0 bytes
        Both:  36.00 KB

MaxMetaspaceSize: 17179869184.00 GB
CompressedClassSpaceSize: 1.00 GB

CodeHeap 'non-profiled nmethods': size=120000Kb used=237Kb max_used=237Kb free=119762Kb
 bounds [0x000001e3b5300000, 0x000001e3b5570000, 0x000001e3bc830000]
CodeHeap 'profiled nmethods': size=120000Kb used=1079Kb max_used=1079Kb free=118920Kb
 bounds [0x000001e3addd0000, 0x000001e3ae040000, 0x000001e3b5300000]
CodeHeap 'non-nmethods': size=5760Kb used=1260Kb max_used=1276Kb free=4499Kb
 bounds [0x000001e3ad830000, 0x000001e3adaa0000, 0x000001e3addd0000]
 total_blobs=1294 nmethods=750 adapters=457
 compilation: enabled
              stopped_count=0, restarted_count=0
 full_count=0

Compilation events (20 events):
Event: 0.463 Thread 0x000001e3c3f38a60  735       3       jdk.internal.org.objectweb.asm.MethodWriter::<init> (232 bytes)
Event: 0.464 Thread 0x000001e3c3f38a60 nmethod 735 0x000001e3aded5090 code [0x000001e3aded5320, 0x000001e3aded60b8]
Event: 0.464 Thread 0x000001e3c3f38a60  736       3       jdk.internal.org.objectweb.asm.MethodVisitor::<init> (7 bytes)
Event: 0.464 Thread 0x000001e3c3f38a60 nmethod 736 0x000001e3aded6590 code [0x000001e3aded6740, 0x000001e3aded6868]
Event: 0.464 Thread 0x000001e3c3f38a60  737       3       jdk.internal.org.objectweb.asm.MethodWriter::visitMaxs (60 bytes)
Event: 0.465 Thread 0x000001e3c3f38a60 nmethod 737 0x000001e3aded6910 code [0x000001e3aded6ae0, 0x000001e3aded6d58]
Event: 0.465 Thread 0x000001e3c3f38a60  738       3       jdk.internal.org.objectweb.asm.MethodWriter::visitEnd (1 bytes)
Event: 0.465 Thread 0x000001e3c3f38a60 nmethod 738 0x000001e3aded6e10 code [0x000001e3aded6fa0, 0x000001e3aded7098]
Event: 0.465 Thread 0x000001e3c3f38a60  739       3       jdk.internal.org.objectweb.asm.MethodWriter::computeMethodInfoSize (571 bytes)
Event: 0.467 Thread 0x000001e3c3f38a60 nmethod 739 0x000001e3aded7110 code [0x000001e3aded7440, 0x000001e3aded8348]
Event: 0.469 Thread 0x000001e3c3f38a60  742       1       java.lang.Boolean::booleanValue (5 bytes)
Event: 0.469 Thread 0x000001e3c3f38a60 nmethod 742 0x000001e3b5338610 code [0x000001e3b53387a0, 0x000001e3b5338858]
Event: 0.472 Thread 0x000001e3c3f38a60  743 %     3       sun.awt.image.PNGImageDecoder::filterRow @ 47 (460 bytes)
Event: 0.472 Thread 0x000001e3c3f38a60 nmethod 743% 0x000001e3aded8a10 code [0x000001e3aded8ca0, 0x000001e3aded9d48]
Event: 0.473 Thread 0x000001e3c3f38a60  744       3       sun.awt.image.PNGImageDecoder::filterRow (460 bytes)
Event: 0.473 Thread 0x000001e3c3f38a60 nmethod 744 0x000001e3adeda590 code [0x000001e3adeda820, 0x000001e3adedb668]
Event: 0.474 Thread 0x000001e3c3f34ac0  745 %     4       sun.awt.image.PNGImageDecoder::filterRow @ 47 (460 bytes)
Event: 0.475 Thread 0x000001e3c3f38a60  746   !   3       java.util.zip.Inflater::inflate (418 bytes)
Event: 0.476 Thread 0x000001e3c3f38a60 nmethod 746 0x000001e3adedbe10 code [0x000001e3adedc0e0, 0x000001e3adedd2a8]
Event: 0.476 Thread 0x000001e3c3f38a60  747 % !   3       sun.awt.image.PNGImageDecoder::produceImage @ 960 (1917 bytes)

GC Heap History (0 events):
No events

Deoptimization events (20 events):
Event: 0.476 Thread 0x000001e3c4c03410 DEOPT PACKING pc=0x000001e3adedb5b4 sp=0x0000000101dfec60
Event: 0.476 Thread 0x000001e3c4c03410 DEOPT UNPACKING pc=0x000001e3ad87e23f sp=0x0000000101dfe100 mode 0
Event: 0.476 Thread 0x000001e3c4c03410 DEOPT PACKING pc=0x000001e3adedb5b4 sp=0x0000000101dfec60
Event: 0.476 Thread 0x000001e3c4c03410 DEOPT UNPACKING pc=0x000001e3ad87e23f sp=0x0000000101dfe100 mode 0
Event: 0.476 Thread 0x000001e3c4c03410 DEOPT PACKING pc=0x000001e3adedb5b4 sp=0x0000000101dfec60
Event: 0.476 Thread 0x000001e3c4c03410 DEOPT UNPACKING pc=0x000001e3ad87e23f sp=0x0000000101dfe100 mode 0
Event: 0.477 Thread 0x000001e3c4c03410 DEOPT PACKING pc=0x000001e3adedb5b4 sp=0x0000000101dfec60
Event: 0.477 Thread 0x000001e3c4c03410 DEOPT UNPACKING pc=0x000001e3ad87e23f sp=0x0000000101dfe100 mode 0
Event: 0.477 Thread 0x000001e3c4c03410 DEOPT PACKING pc=0x000001e3adedb5b4 sp=0x0000000101dfec60
Event: 0.477 Thread 0x000001e3c4c03410 DEOPT UNPACKING pc=0x000001e3ad87e23f sp=0x0000000101dfe100 mode 0
Event: 0.477 Thread 0x000001e3c4c03410 DEOPT PACKING pc=0x000001e3adedb5b4 sp=0x0000000101dfec60
Event: 0.477 Thread 0x000001e3c4c03410 DEOPT UNPACKING pc=0x000001e3ad87e23f sp=0x0000000101dfe100 mode 0
Event: 0.477 Thread 0x000001e3c4c03410 DEOPT PACKING pc=0x000001e3adedb5b4 sp=0x0000000101dfec60
Event: 0.477 Thread 0x000001e3c4c03410 DEOPT UNPACKING pc=0x000001e3ad87e23f sp=0x0000000101dfe100 mode 0
Event: 0.478 Thread 0x000001e3c4c03410 DEOPT PACKING pc=0x000001e3adedb5b4 sp=0x0000000101dfec60
Event: 0.478 Thread 0x000001e3c4c03410 DEOPT UNPACKING pc=0x000001e3ad87e23f sp=0x0000000101dfe100 mode 0
Event: 0.478 Thread 0x000001e3c4c03410 DEOPT PACKING pc=0x000001e3adedb5b4 sp=0x0000000101dfec60
Event: 0.478 Thread 0x000001e3c4c03410 DEOPT UNPACKING pc=0x000001e3ad87e23f sp=0x0000000101dfe100 mode 0
Event: 0.480 Thread 0x000001e3c4c03410 DEOPT PACKING pc=0x000001e3adedb5b4 sp=0x0000000101dfec60
Event: 0.480 Thread 0x000001e3c4c03410 DEOPT UNPACKING pc=0x000001e3ad87e23f sp=0x0000000101dfe100 mode 0

Classes unloaded (0 events):
No events

Classes redefined (0 events):
No events

Internal exceptions (13 events):
Event: 0.065 Thread 0x000001e3a3de57b0 Exception <a 'java/lang/NoSuchMethodError'{0x0000000089df2b48}: 'void java.lang.invoke.DirectMethodHandle$Holder.invokeSpecial(java.lang.Object, java.lang.Object, java.lang.Object)'> (0x0000000089df2b48) 
thrown [./open/src/hotspot/share/interpreter/linkResolver.cpp, line 782]
Event: 0.112 Thread 0x000001e3a3de57b0 Exception <a 'java/lang/ClassNotFoundException'{0x00000000899586d8}: sun/awt/resources/spi/awtProvider> (0x00000000899586d8) 
thrown [./open/src/hotspot/share/classfile/systemDictionary.cpp, line 295]
Event: 0.135 Thread 0x000001e3a3de57b0 Exception <a 'java/io/FileNotFoundException'{0x00000000899b45f8}> (0x00000000899b45f8) 
thrown [./open/src/hotspot/share/prims/jni.cpp, line 578]
Event: 0.142 Thread 0x000001e3a3de57b0 Exception <a 'java/io/FileNotFoundException'{0x00000000899e30e8}> (0x00000000899e30e8) 
thrown [./open/src/hotspot/share/prims/jni.cpp, line 578]
Event: 0.143 Thread 0x000001e3a3de57b0 Exception <a 'java/lang/NoSuchMethodError'{0x00000000899e42d0}: 'java.lang.Object java.lang.invoke.DirectMethodHandle$Holder.invokeStatic(java.lang.Object)'> (0x00000000899e42d0) 
thrown [./open/src/hotspot/share/interpreter/linkResolver.cpp, line 782]
Event: 0.178 Thread 0x000001e3a3de57b0 Exception <a 'java/lang/NoSuchMethodError'{0x0000000089840080}: 'java.lang.Object java.lang.invoke.DirectMethodHandle$Holder.invokeStaticInit(java.lang.Object)'> (0x0000000089840080) 
thrown [./open/src/hotspot/share/interpreter/linkResolver.cpp, line 782]
Event: 0.219 Thread 0x000001e3a3de57b0 Exception <a 'java/lang/NoSuchMethodError'{0x00000000898f4fd0}: 'java.lang.Object java.lang.invoke.DirectMethodHandle$Holder.newInvokeSpecial(java.lang.Object, java.lang.Object, java.lang.Object, java.lang.Object, java.lang.Object)'> (0x00000000898f4fd0) 
thrown [./open/src/hotspot/share/interpreter/linkResolver.cpp, line 782]
Event: 0.220 Thread 0x000001e3a3de57b0 Exception <a 'java/lang/NoSuchMethodError'{0x0000000089700f48}: 'java.lang.Object java.lang.invoke.DirectMethodHandle$Holder.invokeStatic(java.lang.Object, int, java.lang.Object, java.lang.Object, java.lang.Object, java.lang.Object)'> (0x0000000089700f48) 
thrown [./open/src/hotspot/share/interpreter/linkResolver.cpp, line 782]
Event: 0.225 Thread 0x000001e3a3de57b0 Exception <a 'java/lang/NoSuchMethodError'{0x00000000897271f0}: 'java.lang.Object java.lang.invoke.DirectMethodHandle$Holder.invokeStatic(java.lang.Object, int, java.lang.Object)'> (0x00000000897271f0) 
thrown [./open/src/hotspot/share/interpreter/linkResolver.cpp, line 782]
Event: 0.252 Thread 0x000001e3a3de57b0 Exception <a 'java/lang/ClassNotFoundException'{0x00000000897df820}: com/sun/swing/internal/plaf/metal/resources/spi/metalProvider> (0x00000000897df820) 
thrown [./open/src/hotspot/share/classfile/systemDictionary.cpp, line 295]
Event: 0.253 Thread 0x000001e3a3de57b0 Exception <a 'java/lang/ClassNotFoundException'{0x00000000897e3c80}: com/sun/swing/internal/plaf/basic/resources/spi/basicProvider> (0x00000000897e3c80) 
thrown [./open/src/hotspot/share/classfile/systemDictionary.cpp, line 295]
Event: 0.285 Thread 0x000001e3a3de57b0 Exception <a 'java/lang/NoSuchMethodError'{0x000000008961ecc0}: 'void java.lang.invoke.DirectMethodHandle$Holder.invokeStaticInit(java.lang.Object)'> (0x000000008961ecc0) 
thrown [./open/src/hotspot/share/interpreter/linkResolver.cpp, line 782]
Event: 0.462 Thread 0x000001e3c4c03410 Exception <a 'java/lang/NoSuchMethodError'{0x00000000894c52d8}: 'java.lang.Object java.lang.invoke.DirectMethodHandle$Holder.newInvokeSpecial(java.lang.Object, java.lang.Object, java.lang.Object, int, int, int, int, int)'> (0x00000000894c52d8) 
thrown [./open/src/hotspot/share/interpreter/linkResolver.cpp, line 782]

Events (20 events):
Event: 0.429 loading class java/util/zip/Checksum
Event: 0.429 loading class java/util/zip/Checksum done
Event: 0.429 loading class java/util/zip/CRC32 done
Event: 0.429 loading class sun/util/calendar/ZoneInfoFile$Checksum done
Event: 0.429 loading class java/util/zip/Checksum$1
Event: 0.429 loading class java/util/zip/Checksum$1 done
Event: 0.434 loading class jdk/internal/module/ModulePatcher$PatchedModuleReader
Event: 0.434 loading class jdk/internal/module/ModulePatcher$PatchedModuleReader done
Event: 0.434 loading class sun/net/www/protocol/jrt/Handler
Event: 0.434 loading class sun/net/www/protocol/jrt/Handler done
Event: 0.452 loading class sun/text/resources/cldr/FormatData_en
Event: 0.452 loading class sun/text/resources/cldr/FormatData_en done
Event: 0.453 loading class sun/text/resources/cldr/FormatData_en_US
Event: 0.453 loading class sun/text/resources/cldr/FormatData_en_US done
Event: 0.459 loading class sun/awt/image/PNGImageDecoder
Event: 0.459 loading class sun/awt/image/ImageDecoder
Event: 0.459 loading class sun/awt/image/ImageDecoder done
Event: 0.459 loading class sun/awt/image/PNGImageDecoder done
Event: 0.459 loading class sun/awt/image/PNGFilterInputStream
Event: 0.459 loading class sun/awt/image/PNGFilterInputStream done


Dynamic libraries:
0x00007ff72e750000 - 0x00007ff72e75f000 	C:\Program Files\Java\jdk-15\bin\javaw.exe
0x00007ff83f110000 - 0x00007ff83f306000 	C:\Windows\SYSTEM32\ntdll.dll
0x00007ff83ef50000 - 0x00007ff83f00d000 	C:\Windows\System32\KERNEL32.DLL
0x00007ff83cb60000 - 0x00007ff83ce29000 	C:\Windows\System32\KERNELBASE.dll
0x00007ff839620000 - 0x00007ff8396b0000 	C:\Windows\SYSTEM32\apphelp.dll
0x00007ff83c8b0000 - 0x00007ff83c9b0000 	C:\Windows\System32\ucrtbase.dll
0x00007ff82c450000 - 0x00007ff82c468000 	C:\Program Files\Java\jdk-15\bin\jli.dll
0x00007ff83e760000 - 0x00007ff83e80c000 	C:\Windows\System32\ADVAPI32.dll
0x00007ff82c080000 - 0x00007ff82c099000 	C:\Program Files\Java\jdk-15\bin\VCRUNTIME140.dll
0x00007ff83f010000 - 0x00007ff83f0ae000 	C:\Windows\System32\msvcrt.dll
0x00007ff83d290000 - 0x00007ff83d32c000 	C:\Windows\System32\sechost.dll
0x00007ff83e8b0000 - 0x00007ff83e9db000 	C:\Windows\System32\RPCRT4.dll
0x00007ff83d330000 - 0x00007ff83d4d0000 	C:\Windows\System32\USER32.dll
0x00007ff83cf30000 - 0x00007ff83cf52000 	C:\Windows\System32\win32u.dll
0x00007ff83d4d0000 - 0x00007ff83d4fa000 	C:\Windows\System32\GDI32.dll
0x00007ff83ca50000 - 0x00007ff83cb5b000 	C:\Windows\System32\gdi32full.dll
0x00007ff83c9b0000 - 0x00007ff83ca4d000 	C:\Windows\System32\msvcp_win.dll
0x00007ff836d80000 - 0x00007ff836d8a000 	C:\Windows\SYSTEM32\VERSION.dll
0x00007ff829960000 - 0x00007ff829bfb000 	C:\Windows\WinSxS\amd64_microsoft.windows.common-controls_6595b64144ccf1df_6.0.19041.746_none_ca02b4b61b8320a4\COMCTL32.dll
0x00007ff83ec70000 - 0x00007ff83eca0000 	C:\Windows\System32\IMM32.DLL
0x00007ff82d310000 - 0x00007ff82d31c000 	C:\Program Files\Java\jdk-15\bin\vcruntime140_1.dll
0x00007ff826250000 - 0x00007ff8262e1000 	C:\Program Files\Java\jdk-15\bin\msvcp140.dll
0x00007ffff9f50000 - 0x00007ffffaaac000 	C:\Program Files\Java\jdk-15\bin\server\jvm.dll
0x00007ff83f0b0000 - 0x00007ff83f0b8000 	C:\Windows\System32\PSAPI.DLL
0x00007ff829ea0000 - 0x00007ff829ec7000 	C:\Windows\SYSTEM32\WINMM.dll
0x00007ff825fd0000 - 0x00007ff825fd9000 	C:\Windows\SYSTEM32\WSOCK32.dll
0x00007ff83e6f0000 - 0x00007ff83e75b000 	C:\Windows\System32\WS2_32.dll
0x00007ff83b470000 - 0x00007ff83b482000 	C:\Windows\SYSTEM32\kernel.appcore.dll
0x00007ff8352c0000 - 0x00007ff8352ca000 	C:\Program Files\Java\jdk-15\bin\jimage.dll
0x00007ff83ae40000 - 0x00007ff83b024000 	C:\Windows\SYSTEM32\DBGHELP.DLL
0x00007ff821260000 - 0x00007ff82128c000 	C:\Windows\SYSTEM32\dbgcore.DLL
0x00007ff83cf60000 - 0x00007ff83cfe0000 	C:\Windows\System32\bcryptPrimitives.dll
0x00007ff8298b0000 - 0x00007ff8298d5000 	C:\Program Files\Java\jdk-15\bin\java.dll
0x00007ff83d500000 - 0x00007ff83dc43000 	C:\Windows\System32\SHELL32.dll
0x00007ff83a5e0000 - 0x00007ff83ad6f000 	C:\Windows\SYSTEM32\windows.storage.dll
0x00007ff83e330000 - 0x00007ff83e686000 	C:\Windows\System32\combase.dll
0x00007ff83c2b0000 - 0x00007ff83c2dc000 	C:\Windows\SYSTEM32\Wldp.dll
0x00007ff83dc50000 - 0x00007ff83dcfe000 	C:\Windows\System32\SHCORE.dll
0x00007ff83e2c0000 - 0x00007ff83e315000 	C:\Windows\System32\shlwapi.dll
0x00007ff83c780000 - 0x00007ff83c7a6000 	C:\Windows\SYSTEM32\profapi.dll
0x00007ff835240000 - 0x00007ff835259000 	C:\Program Files\Java\jdk-15\bin\net.dll
0x00007ff82f7f0000 - 0x00007ff82f8f0000 	C:\Windows\SYSTEM32\WINHTTP.dll
0x00007ff83c030000 - 0x00007ff83c09a000 	C:\Windows\system32\mswsock.dll
0x00007ff834970000 - 0x00007ff834982000 	C:\Program Files\Java\jdk-15\bin\nio.dll
0x00007ff82ded0000 - 0x00007ff82dee8000 	C:\Program Files\Java\jdk-15\bin\zip.dll
0x00007ff804550000 - 0x00007ff8046d0000 	C:\Program Files\Java\jdk-15\bin\awt.dll
0x00007ff83ed50000 - 0x00007ff83ee1d000 	C:\Windows\System32\OLEAUT32.dll
0x00007ff839f90000 - 0x00007ff839fbf000 	C:\Windows\system32\DWMAPI.DLL
0x00007ff839c60000 - 0x00007ff839cfe000 	C:\Windows\system32\uxtheme.dll
0x00007ff8259f0000 - 0x00007ff825b15000 	C:\Windows\system32\opengl32.dll
0x00007ff8259c0000 - 0x00007ff8259ec000 	C:\Windows\SYSTEM32\GLU32.dll
0x00007ff83d170000 - 0x00007ff83d286000 	C:\Windows\System32\MSCTF.dll
0x00007ff83ee20000 - 0x00007ff83ef4a000 	C:\Windows\System32\ole32.dll
0x00007ff81a880000 - 0x00007ff81a905000 	C:\Program Files\Java\jdk-15\bin\freetype.dll
0x00007ff8036e0000 - 0x00007ff803789000 	C:\Program Files\Java\jdk-15\bin\fontmanager.dll
0x00007ff82d210000 - 0x00007ff82d30b000 	C:\Windows\SYSTEM32\textinputframework.dll
0x00007ff8391c0000 - 0x00007ff83951e000 	C:\Windows\System32\CoreUIComponents.dll
0x00007ff838590000 - 0x00007ff838682000 	C:\Windows\System32\CoreMessaging.dll
0x00007ff837fd0000 - 0x00007ff838124000 	C:\Windows\SYSTEM32\wintypes.dll
0x00007ff83b590000 - 0x00007ff83b5c3000 	C:\Windows\SYSTEM32\ntmarta.dll

dbghelp: loaded successfully - version: 4.0.5 - missing functions: none
symbol engine: initialized successfully - sym options: 0x614 - pdb path: .;C:\Program Files\Java\jdk-15\bin;C:\Windows\SYSTEM32;C:\Windows\WinSxS\amd64_microsoft.windows.common-controls_6595b64144ccf1df_6.0.19041.746_none_ca02b4b61b8320a4;C:\Program Files\Java\jdk-15\bin\server

VM Arguments:
jvm_args: -Dfile.encoding=Cp1254 -XX:+ShowCodeDetailsInExceptionMessages 
java_command: Cse241_Hw7.main
java_class_path (initial): C:\Users\husey\eclipse-workspace\deneme\bin;C:\Users\husey\.p2\pool\plugins\org.eclipse.osgi_3.16.100.v20201030-1916.jar;C:\Users\husey\.p2\pool\plugins\org.eclipse.core.commands_3.9.800.v20201021-1339.jar;C:\Users\husey\.p2\pool\plugins\org.eclipse.equinox.common_3.14.0.v20201102-2053.jar;C:\Users\husey\.p2\pool\plugins\org.eclipse.equinox.registry_3.10.0.v20201107-1818.jar;C:\Users\husey\.p2\pool\plugins\org.eclipse.core.runtime_3.20.0.v20201027-1526.jar;C:\Users\husey\.p2\pool\plugins\org.eclipse.text_3.10.400.v20200925-0557.jar;C:\Users\husey\.p2\pool\plugins\org.eclipse.swt.win32.win32.x86_64_3.115.100.v20201202-1103.jar;C:\Users\husey\.p2\pool\plugins\org.eclipse.jface_3.22.0.v20201106-0834.jar;C:\Users\husey\.p2\pool\plugins\org.eclipse.jface.text_3.16.500.v20201112-1545.jar;C:\Users\husey\.p2\pool\plugins\org.eclipse.ui.workbench_3.122.0.v20201122-1345.jar;C:\Users\husey\.p2\pool\plugins\com.ibm.icu_67.1.0.v20200706-1749.jar;C:\Users\husey\.p2\pool\plugins\org.eclipse.ui.forms_3.11.0.v20201025-0656.jar
Launcher Type: SUN_STANDARD

[Global flags]
     intx CICompilerCount                          = 3                                         {product} {ergonomic}
     uint ConcGCThreads                            = 1                                         {product} {ergonomic}
     uint G1ConcRefinementThreads                  = 4                                         {product} {ergonomic}
   size_t G1HeapRegionSize                         = 1048576                                   {product} {ergonomic}
    uintx GCDrainStackTargetSize                   = 64                                        {product} {ergonomic}
   size_t InitialHeapSize                          = 132120576                                 {product} {ergonomic}
   size_t MarkStackSize                            = 4194304                                   {product} {ergonomic}
   size_t MaxHeapSize                              = 2113929216                                {product} {ergonomic}
   size_t MaxNewSize                               = 1267728384                                {product} {ergonomic}
   size_t MinHeapDeltaBytes                        = 1048576                                   {product} {ergonomic}
   size_t MinHeapSize                              = 8388608                                   {product} {ergonomic}
    uintx NonNMethodCodeHeapSize                   = 5832780                                {pd product} {ergonomic}
    uintx NonProfiledCodeHeapSize                  = 122912730                              {pd product} {ergonomic}
    uintx ProfiledCodeHeapSize                     = 122912730                              {pd product} {ergonomic}
    uintx ReservedCodeCacheSize                    = 251658240                              {pd product} {ergonomic}
     bool SegmentedCodeCache                       = true                                      {product} {ergonomic}
     bool ShowCodeDetailsInExceptionMessages       = true                                   {manageable} {command line}
   size_t SoftMaxHeapSize                          = 2113929216                             {manageable} {ergonomic}
     bool UseCompressedClassPointers               = true                                 {lp64_product} {ergonomic}
     bool UseCompressedOops                        = true                                 {lp64_product} {ergonomic}
     bool UseG1GC                                  = true                                      {product} {ergonomic}
     bool UseLargePagesIndividualAllocation        = false                                  {pd product} {ergonomic}

Logging:
Log output configuration:
 #0: stdout all=warning uptime,level,tags
 #1: stderr all=off uptime,level,tags

Environment Variables:
PATH=C:/Program Files/Java/jdk-15/bin/server;C:/Program Files/Java/jdk-15/bin;C:\Program Files (x86)\Common Files\Oracle\Java\javapath;C:\Program Files\Common Files\Oracle\Java\javapath;C:\Windows\system32;C:\Windows;C:\Windows\System32\Wbem;C:\Windows\System32\WindowsPowerShell\v1.0\;C:\Windows\System32\OpenSSH\;C:\Program Files (x86)\NVIDIA Corporation\PhysX\Common;C:\Program Files\Git\cmd;C:\MinGW\bin;C:\Users\husey\AppData\Local\Microsoft\WindowsApps;;C:\Users\husey\AppData\Local\Programs\Microsoft VS Code\bin;C:\Windows\System32;
USERNAME=husey
OS=Windows_NT
PROCESSOR_IDENTIFIER=Intel64 Family 6 Model 158 Stepping 9, GenuineIntel



---------------  S Y S T E M  ---------------

OS:
 Windows 10 , 64 bit Build 19041 (10.0.19041.662)
OS uptime: 4 days 1:18 hours

CPU: total 4 (initial active 4) (4 cores per cpu, 1 threads per core) family 6 model 158 stepping 9, cmov, cx8, fxsr, mmx, sse, sse2, sse3, ssse3, sse4.1, sse4.2, popcnt, vzeroupper, avx, avx2, aes, clmul, erms, 3dnowpref, lzcnt, tsc, tscinvbit, bmi1, bmi2, adx, fma, clflush, clflushopt

Memory: 4k page, system-wide physical 8057M (772M free)
TotalPageFile size 20479M (AvailPageFile size 0M)
current process WorkingSet (physical memory assigned to process): 66M, peak: 66M
current process commit charge ("private bytes"): 212M, peak: 212M

vm_info: Java HotSpot(TM) 64-Bit Server VM (15+36-1562) for windows-amd64 JRE (15+36-1562), built on Aug 11 2020 22:38:02 by "mach5one" with unknown MS VC++:1925

END.
