#
# There is insufficient memory for the Java Runtime Environment to continue.
# Native memory allocation (malloc) failed to allocate 223856 bytes for Chunk::new
# Possible reasons:
#   The system is out of physical RAM or swap space
#   The process is running with CompressedOops enabled, and the Java Heap may be blocking the growth of the native heap
# Possible solutions:
#   Reduce memory load on the system
#   Increase physical memory or swap space
#   Check if swap backing store is full
#   Decrease Java heap size (-Xmx/-Xms)
#   Decrease number of Java threads
#   Decrease Java thread stack sizes (-Xss)
#   Set larger code cache with -XX:ReservedCodeCacheSize=
#   JVM is running with Unscaled Compressed Oops mode in which the Java heap is
#     placed in the first 4GB address space. The Java Heap base address is the
#     maximum limit for the native heap growth. Please use -XX:HeapBaseMinAddress
#     to set the Java Heap base and to place the Java Heap above 4GB virtual address.
# This output file may be truncated or incomplete.
#
#  Out of Memory Error (./open/src/hotspot/share/memory/arena.cpp:195), pid=16436, tid=17196
#
# JRE version: Java(TM) SE Runtime Environment (15.0+36) (build 15+36-1562)
# Java VM: Java HotSpot(TM) 64-Bit Server VM (15+36-1562, mixed mode, sharing, tiered, compressed oops, g1 gc, windows-amd64)
# No core dump will be written. Minidumps are not enabled by default on client versions of Windows
#

---------------  S U M M A R Y ------------

Command Line: -Dfile.encoding=Cp1254 -XX:+ShowCodeDetailsInExceptionMessages Cse241_Hw7.main

Host: Intel(R) Core(TM) i5-7300HQ CPU @ 2.50GHz, 4 cores, 7G,  Windows 10 , 64 bit Build 19041 (10.0.19041.662)
Time: Sun Jan 24 20:34:55 2021 Turkey Standard Time elapsed time: 0.521668 seconds (0d 0h 0m 0s)

---------------  T H R E A D  ---------------

Current thread (0x000001da7ed83f90):  JavaThread "C2 CompilerThread1" daemon [_thread_in_native, id=17196, stack(0x0000008e3c900000,0x0000008e3ca00000)]


Current CompileTask:
C2:    521  761 % !   4       sun.awt.image.PNGImageDecoder::produceImage @ 960 (1917 bytes)

Stack: [0x0000008e3c900000,0x0000008e3ca00000]
Native frames: (J=compiled Java code, j=interpreted, Vv=VM code, C=native code)
V  [jvm.dll+0x629eaa]
V  [jvm.dll+0x780379]
V  [jvm.dll+0x781ad3]
V  [jvm.dll+0x782133]
V  [jvm.dll+0x2159d5]
V  [jvm.dll+0x9794a]
V  [jvm.dll+0x9802c]
V  [jvm.dll+0x32dbd8]
V  [jvm.dll+0x2f6ffa]
V  [jvm.dll+0x2f63ba]
V  [jvm.dll+0x1e9dd5]
V  [jvm.dll+0x1e903e]
V  [jvm.dll+0x177f17]
V  [jvm.dll+0x1f88f5]
V  [jvm.dll+0x1f699c]
V  [jvm.dll+0x74384d]
V  [jvm.dll+0x73c64a]
V  [jvm.dll+0x628d16]
C  [ucrtbase.dll+0x214c2]
C  [KERNEL32.DLL+0x17034]
C  [ntdll.dll+0x4d0d1]


---------------  P R O C E S S  ---------------

Threads class SMR info:
_java_thread_list=0x000001da1b1549f0, length=17, elements={
0x000001da7ed4e8b0, 0x000001da7ed4f390, 0x000001da7ed69f70, 0x000001da7ed6c940,
0x000001da7ed6f210, 0x000001da7ed7a620, 0x000001da7ed844a0, 0x000001da7ed89f60,
0x000001da7f7d92e0, 0x000001da7f7de8b0, 0x000001da7ed83f90, 0x000001da7faa8360,
0x000001da7fac4890, 0x000001da7fac7e50, 0x000001da1b156a70, 0x000001da1b1b74b0,
0x000001da1b45d270
}

Java Threads: ( => current thread )
  0x000001da7ed4e8b0 JavaThread "Reference Handler" daemon [_thread_blocked, id=12672, stack(0x0000008e3be00000,0x0000008e3bf00000)]
  0x000001da7ed4f390 JavaThread "Finalizer" daemon [_thread_blocked, id=16288, stack(0x0000008e3bf00000,0x0000008e3c000000)]
  0x000001da7ed69f70 JavaThread "Signal Dispatcher" daemon [_thread_blocked, id=6824, stack(0x0000008e3c000000,0x0000008e3c100000)]
  0x000001da7ed6c940 JavaThread "Attach Listener" daemon [_thread_blocked, id=1360, stack(0x0000008e3c100000,0x0000008e3c200000)]
  0x000001da7ed6f210 JavaThread "Service Thread" daemon [_thread_blocked, id=14508, stack(0x0000008e3c200000,0x0000008e3c300000)]
  0x000001da7ed7a620 JavaThread "C2 CompilerThread0" daemon [_thread_in_native, id=2052, stack(0x0000008e3c300000,0x0000008e3c400000)]
  0x000001da7ed844a0 JavaThread "C1 CompilerThread0" daemon [_thread_in_native, id=16456, stack(0x0000008e3c400000,0x0000008e3c500000)]
  0x000001da7ed89f60 JavaThread "Sweeper thread" daemon [_thread_blocked, id=13604, stack(0x0000008e3c500000,0x0000008e3c600000)]
  0x000001da7f7d92e0 JavaThread "Notification Thread" daemon [_thread_blocked, id=7988, stack(0x0000008e3c600000,0x0000008e3c700000)]
  0x000001da7f7de8b0 JavaThread "Common-Cleaner" daemon [_thread_blocked, id=5804, stack(0x0000008e3c800000,0x0000008e3c900000)]
=>0x000001da7ed83f90 JavaThread "C2 CompilerThread1" daemon [_thread_in_native, id=17196, stack(0x0000008e3c900000,0x0000008e3ca00000)]
  0x000001da7faa8360 JavaThread "Java2D Disposer" daemon [_thread_blocked, id=16176, stack(0x0000008e3cb00000,0x0000008e3cc00000)]
  0x000001da7fac4890 JavaThread "AWT-Shutdown" [_thread_blocked, id=6680, stack(0x0000008e3cc00000,0x0000008e3cd00000)]
  0x000001da7fac7e50 JavaThread "AWT-Windows" daemon [_thread_in_native, id=11460, stack(0x0000008e3cd00000,0x0000008e3ce00000)]
  0x000001da1b156a70 JavaThread "AWT-EventQueue-0" [_thread_blocked, id=16452, stack(0x0000008e3ce00000,0x0000008e3cf00000)]
  0x000001da1b1b74b0 JavaThread "Image Fetcher 0" daemon [_thread_blocked, id=1456, stack(0x0000008e3cf00000,0x0000008e3d000000)]
  0x000001da1b45d270 JavaThread "DestroyJavaVM" [_thread_blocked, id=17100, stack(0x0000008e3b700000,0x0000008e3b800000)]

Other Threads:
  0x000001da7ed4e130 VMThread "VM Thread" [stack: 0x0000008e3bd00000,0x0000008e3be00000] [id=11464]
  0x000001da7f7dbfe0 WatcherThread [stack: 0x0000008e3c700000,0x0000008e3c800000] [id=16772]
  0x000001da79d4e7c0 GCTaskThread "GC Thread#0" [stack: 0x0000008e3b800000,0x0000008e3b900000] [id=13820]
  0x000001da7fa93a80 GCTaskThread "GC Thread#1" [stack: 0x0000008e3d000000,0x0000008e3d100000] [id=16612]
  0x000001da7fa91aa0 GCTaskThread "GC Thread#2" [stack: 0x0000008e3d100000,0x0000008e3d200000] [id=6192]
  0x000001da7fa930f0 GCTaskThread "GC Thread#3" [stack: 0x0000008e3d200000,0x0000008e3d300000] [id=8088]
  0x000001da79d5fe30 ConcurrentGCThread "G1 Main Marker" [stack: 0x0000008e3b900000,0x0000008e3ba00000] [id=4492]
  0x000001da79d60aa0 ConcurrentGCThread "G1 Conc#0" [stack: 0x0000008e3ba00000,0x0000008e3bb00000] [id=16308]
  0x000001da79ddc070 ConcurrentGCThread "G1 Refine#0" [stack: 0x0000008e3bb00000,0x0000008e3bc00000] [id=17120]
  0x000001da1b28e3a0 ConcurrentGCThread "G1 Refine#1" [stack: 0x0000008e3d300000,0x0000008e3d400000] [id=13276]
  0x000001da1b2f6ff0 ConcurrentGCThread "G1 Refine#2" [stack: 0x0000008e3d400000,0x0000008e3d500000] [id=16756]
  0x000001da79dddc10 ConcurrentGCThread "G1 Young RemSet Sampling" [stack: 0x0000008e3bc00000,0x0000008e3bd00000] [id=17212]

Threads with active compile tasks:
C2 CompilerThread0      790  795       4       sun.awt.image.PNGImageDecoder::filterRow (460 bytes)
C1 CompilerThread0      790  916       3       javax.swing.UIDefaults$TextAndMnemonicHashMap::get (358 bytes)
C2 CompilerThread1      790  761 % !   4       sun.awt.image.PNGImageDecoder::produceImage @ 960 (1917 bytes)

VM state: not at safepoint (normal execution)

VM Mutex/Monitor currently owned by a thread: None

Heap address: 0x0000000082000000, size: 2016 MB, Compressed Oops mode: 32-bit
CDS archive(s) mapped at: [0x0000000800000000-0x0000000800b50000-0x0000000800b50000), size 11862016, SharedBaseAddress: 0x0000000800000000, ArchiveRelocationMode: 0.
Compressed class space mapped at: 0x0000000800b50000-0x0000000840b50000, size: 1073741824
Narrow klass base: 0x0000000800000000, Narrow klass shift: 3, Narrow klass range: 0x100000000

GC Precious Log:
 CPUs: 4 total, 4 available
 Memory: 8057M
 Large Page Support: Disabled
 NUMA Support: Disabled
 Compressed Oops: Enabled (32-bit)
 Heap Region Size: 1M
 Heap Min Capacity: 8M
 Heap Initial Capacity: 126M
 Heap Max Capacity: 2016M
 Pre-touch: Disabled
 Parallel Workers: 4
 Concurrent Workers: 1
 Concurrent Refinement Workers: 4
 Periodic GC: Disabled

Heap:
 garbage-first heap   total 129024K, used 7161K [0x0000000082000000, 0x0000000100000000)
  region size 1024K, 3 young (3072K), 2 survivors (2048K)
 Metaspace       used 6994K, capacity 7108K, committed 7296K, reserved 1056768K
  class space    used 747K, capacity 805K, committed 896K, reserved 1048576K

Heap Regions: E=young(eden), S=young(survivor), O=old, HS=humongous(starts), HC=humongous(continues), CS=collection set, F=free, OA=open archive, CA=closed archive, TAMS=top-at-mark-start (previous, next)
|   0|0x0000000082000000, 0x0000000082000000, 0x0000000082100000|  0%| F|  |TAMS 0x0000000082000000, 0x0000000082000000| Untracked 
|   1|0x0000000082100000, 0x0000000082200000, 0x0000000082200000|100%|HS|  |TAMS 0x0000000082100000, 0x0000000082100000| Complete 
|   2|0x0000000082200000, 0x0000000082300000, 0x0000000082300000|100%|HC|  |TAMS 0x0000000082200000, 0x0000000082200000| Complete 
|   3|0x0000000082300000, 0x0000000082400000, 0x0000000082400000|100%|HC|  |TAMS 0x0000000082300000, 0x0000000082300000| Complete 
|   4|0x0000000082400000, 0x0000000082500000, 0x0000000082500000|100%| O|  |TAMS 0x0000000082400000, 0x0000000082400000| Untracked 
|   5|0x0000000082500000, 0x00000000825fe600, 0x0000000082600000| 99%| O|  |TAMS 0x0000000082500000, 0x0000000082500000| Untracked 
|   6|0x0000000082600000, 0x0000000082600000, 0x0000000082700000|  0%| F|  |TAMS 0x0000000082600000, 0x0000000082600000| Untracked 
|   7|0x0000000082700000, 0x0000000082700000, 0x0000000082800000|  0%| F|  |TAMS 0x0000000082700000, 0x0000000082700000| Untracked 
|   8|0x0000000082800000, 0x0000000082800000, 0x0000000082900000|  0%| F|  |TAMS 0x0000000082800000, 0x0000000082800000| Untracked 
|   9|0x0000000082900000, 0x0000000082900000, 0x0000000082a00000|  0%| F|  |TAMS 0x0000000082900000, 0x0000000082900000| Untracked 
|  10|0x0000000082a00000, 0x0000000082a00000, 0x0000000082b00000|  0%| F|  |TAMS 0x0000000082a00000, 0x0000000082a00000| Untracked 
|  11|0x0000000082b00000, 0x0000000082b00000, 0x0000000082c00000|  0%| F|  |TAMS 0x0000000082b00000, 0x0000000082b00000| Untracked 
|  12|0x0000000082c00000, 0x0000000082c00000, 0x0000000082d00000|  0%| F|  |TAMS 0x0000000082c00000, 0x0000000082c00000| Untracked 
|  13|0x0000000082d00000, 0x0000000082d00000, 0x0000000082e00000|  0%| F|  |TAMS 0x0000000082d00000, 0x0000000082d00000| Untracked 
|  14|0x0000000082e00000, 0x0000000082e00000, 0x0000000082f00000|  0%| F|  |TAMS 0x0000000082e00000, 0x0000000082e00000| Untracked 
|  15|0x0000000082f00000, 0x0000000082f00000, 0x0000000083000000|  0%| F|  |TAMS 0x0000000082f00000, 0x0000000082f00000| Untracked 
|  16|0x0000000083000000, 0x0000000083000000, 0x0000000083100000|  0%| F|  |TAMS 0x0000000083000000, 0x0000000083000000| Untracked 
|  17|0x0000000083100000, 0x0000000083100000, 0x0000000083200000|  0%| F|  |TAMS 0x0000000083100000, 0x0000000083100000| Untracked 
|  18|0x0000000083200000, 0x0000000083200000, 0x0000000083300000|  0%| F|  |TAMS 0x0000000083200000, 0x0000000083200000| Untracked 
|  19|0x0000000083300000, 0x0000000083300000, 0x0000000083400000|  0%| F|  |TAMS 0x0000000083300000, 0x0000000083300000| Untracked 
|  20|0x0000000083400000, 0x0000000083400000, 0x0000000083500000|  0%| F|  |TAMS 0x0000000083400000, 0x0000000083400000| Untracked 
|  21|0x0000000083500000, 0x0000000083500000, 0x0000000083600000|  0%| F|  |TAMS 0x0000000083500000, 0x0000000083500000| Untracked 
|  22|0x0000000083600000, 0x0000000083600000, 0x0000000083700000|  0%| F|  |TAMS 0x0000000083600000, 0x0000000083600000| Untracked 
|  23|0x0000000083700000, 0x0000000083700000, 0x0000000083800000|  0%| F|  |TAMS 0x0000000083700000, 0x0000000083700000| Untracked 
|  24|0x0000000083800000, 0x0000000083800000, 0x0000000083900000|  0%| F|  |TAMS 0x0000000083800000, 0x0000000083800000| Untracked 
|  25|0x0000000083900000, 0x0000000083900000, 0x0000000083a00000|  0%| F|  |TAMS 0x0000000083900000, 0x0000000083900000| Untracked 
|  26|0x0000000083a00000, 0x0000000083a00000, 0x0000000083b00000|  0%| F|  |TAMS 0x0000000083a00000, 0x0000000083a00000| Untracked 
|  27|0x0000000083b00000, 0x0000000083b00000, 0x0000000083c00000|  0%| F|  |TAMS 0x0000000083b00000, 0x0000000083b00000| Untracked 
|  28|0x0000000083c00000, 0x0000000083c00000, 0x0000000083d00000|  0%| F|  |TAMS 0x0000000083c00000, 0x0000000083c00000| Untracked 
|  29|0x0000000083d00000, 0x0000000083d00000, 0x0000000083e00000|  0%| F|  |TAMS 0x0000000083d00000, 0x0000000083d00000| Untracked 
|  30|0x0000000083e00000, 0x0000000083e00000, 0x0000000083f00000|  0%| F|  |TAMS 0x0000000083e00000, 0x0000000083e00000| Untracked 
|  31|0x0000000083f00000, 0x0000000083f00000, 0x0000000084000000|  0%| F|  |TAMS 0x0000000083f00000, 0x0000000083f00000| Untracked 
|  32|0x0000000084000000, 0x0000000084000000, 0x0000000084100000|  0%| F|  |TAMS 0x0000000084000000, 0x0000000084000000| Untracked 
|  33|0x0000000084100000, 0x0000000084100000, 0x0000000084200000|  0%| F|  |TAMS 0x0000000084100000, 0x0000000084100000| Untracked 
|  34|0x0000000084200000, 0x0000000084200000, 0x0000000084300000|  0%| F|  |TAMS 0x0000000084200000, 0x0000000084200000| Untracked 
|  35|0x0000000084300000, 0x0000000084300000, 0x0000000084400000|  0%| F|  |TAMS 0x0000000084300000, 0x0000000084300000| Untracked 
|  36|0x0000000084400000, 0x0000000084400000, 0x0000000084500000|  0%| F|  |TAMS 0x0000000084400000, 0x0000000084400000| Untracked 
|  37|0x0000000084500000, 0x0000000084500000, 0x0000000084600000|  0%| F|  |TAMS 0x0000000084500000, 0x0000000084500000| Untracked 
|  38|0x0000000084600000, 0x0000000084600000, 0x0000000084700000|  0%| F|  |TAMS 0x0000000084600000, 0x0000000084600000| Untracked 
|  39|0x0000000084700000, 0x0000000084700000, 0x0000000084800000|  0%| F|  |TAMS 0x0000000084700000, 0x0000000084700000| Untracked 
|  40|0x0000000084800000, 0x0000000084800000, 0x0000000084900000|  0%| F|  |TAMS 0x0000000084800000, 0x0000000084800000| Untracked 
|  41|0x0000000084900000, 0x0000000084900000, 0x0000000084a00000|  0%| F|  |TAMS 0x0000000084900000, 0x0000000084900000| Untracked 
|  42|0x0000000084a00000, 0x0000000084a00000, 0x0000000084b00000|  0%| F|  |TAMS 0x0000000084a00000, 0x0000000084a00000| Untracked 
|  43|0x0000000084b00000, 0x0000000084b00000, 0x0000000084c00000|  0%| F|  |TAMS 0x0000000084b00000, 0x0000000084b00000| Untracked 
|  44|0x0000000084c00000, 0x0000000084c00000, 0x0000000084d00000|  0%| F|  |TAMS 0x0000000084c00000, 0x0000000084c00000| Untracked 
|  45|0x0000000084d00000, 0x0000000084d00000, 0x0000000084e00000|  0%| F|  |TAMS 0x0000000084d00000, 0x0000000084d00000| Untracked 
|  46|0x0000000084e00000, 0x0000000084e00000, 0x0000000084f00000|  0%| F|  |TAMS 0x0000000084e00000, 0x0000000084e00000| Untracked 
|  47|0x0000000084f00000, 0x0000000084f00000, 0x0000000085000000|  0%| F|  |TAMS 0x0000000084f00000, 0x0000000084f00000| Untracked 
|  48|0x0000000085000000, 0x0000000085000000, 0x0000000085100000|  0%| F|  |TAMS 0x0000000085000000, 0x0000000085000000| Untracked 
|  49|0x0000000085100000, 0x0000000085100000, 0x0000000085200000|  0%| F|  |TAMS 0x0000000085100000, 0x0000000085100000| Untracked 
|  50|0x0000000085200000, 0x0000000085200000, 0x0000000085300000|  0%| F|  |TAMS 0x0000000085200000, 0x0000000085200000| Untracked 
|  51|0x0000000085300000, 0x0000000085300000, 0x0000000085400000|  0%| F|  |TAMS 0x0000000085300000, 0x0000000085300000| Untracked 
|  52|0x0000000085400000, 0x0000000085400000, 0x0000000085500000|  0%| F|  |TAMS 0x0000000085400000, 0x0000000085400000| Untracked 
|  53|0x0000000085500000, 0x0000000085500000, 0x0000000085600000|  0%| F|  |TAMS 0x0000000085500000, 0x0000000085500000| Untracked 
|  54|0x0000000085600000, 0x0000000085600000, 0x0000000085700000|  0%| F|  |TAMS 0x0000000085600000, 0x0000000085600000| Untracked 
|  55|0x0000000085700000, 0x0000000085700000, 0x0000000085800000|  0%| F|  |TAMS 0x0000000085700000, 0x0000000085700000| Untracked 
|  56|0x0000000085800000, 0x0000000085800000, 0x0000000085900000|  0%| F|  |TAMS 0x0000000085800000, 0x0000000085800000| Untracked 
|  57|0x0000000085900000, 0x0000000085900000, 0x0000000085a00000|  0%| F|  |TAMS 0x0000000085900000, 0x0000000085900000| Untracked 
|  58|0x0000000085a00000, 0x0000000085a00000, 0x0000000085b00000|  0%| F|  |TAMS 0x0000000085a00000, 0x0000000085a00000| Untracked 
|  59|0x0000000085b00000, 0x0000000085b00000, 0x0000000085c00000|  0%| F|  |TAMS 0x0000000085b00000, 0x0000000085b00000| Untracked 
|  60|0x0000000085c00000, 0x0000000085c00000, 0x0000000085d00000|  0%| F|  |TAMS 0x0000000085c00000, 0x0000000085c00000| Untracked 
|  61|0x0000000085d00000, 0x0000000085d00000, 0x0000000085e00000|  0%| F|  |TAMS 0x0000000085d00000, 0x0000000085d00000| Untracked 
|  62|0x0000000085e00000, 0x0000000085e00000, 0x0000000085f00000|  0%| F|  |TAMS 0x0000000085e00000, 0x0000000085e00000| Untracked 
|  63|0x0000000085f00000, 0x0000000085f00000, 0x0000000086000000|  0%| F|  |TAMS 0x0000000085f00000, 0x0000000085f00000| Untracked 
|  64|0x0000000086000000, 0x0000000086000000, 0x0000000086100000|  0%| F|  |TAMS 0x0000000086000000, 0x0000000086000000| Untracked 
|  65|0x0000000086100000, 0x0000000086100000, 0x0000000086200000|  0%| F|  |TAMS 0x0000000086100000, 0x0000000086100000| Untracked 
|  66|0x0000000086200000, 0x0000000086200000, 0x0000000086300000|  0%| F|  |TAMS 0x0000000086200000, 0x0000000086200000| Untracked 
|  67|0x0000000086300000, 0x0000000086300000, 0x0000000086400000|  0%| F|  |TAMS 0x0000000086300000, 0x0000000086300000| Untracked 
|  68|0x0000000086400000, 0x0000000086400000, 0x0000000086500000|  0%| F|  |TAMS 0x0000000086400000, 0x0000000086400000| Untracked 
|  69|0x0000000086500000, 0x0000000086500000, 0x0000000086600000|  0%| F|  |TAMS 0x0000000086500000, 0x0000000086500000| Untracked 
|  70|0x0000000086600000, 0x0000000086600000, 0x0000000086700000|  0%| F|  |TAMS 0x0000000086600000, 0x0000000086600000| Untracked 
|  71|0x0000000086700000, 0x0000000086700000, 0x0000000086800000|  0%| F|  |TAMS 0x0000000086700000, 0x0000000086700000| Untracked 
|  72|0x0000000086800000, 0x0000000086800000, 0x0000000086900000|  0%| F|  |TAMS 0x0000000086800000, 0x0000000086800000| Untracked 
|  73|0x0000000086900000, 0x0000000086900000, 0x0000000086a00000|  0%| F|  |TAMS 0x0000000086900000, 0x0000000086900000| Untracked 
|  74|0x0000000086a00000, 0x0000000086a00000, 0x0000000086b00000|  0%| F|  |TAMS 0x0000000086a00000, 0x0000000086a00000| Untracked 
|  75|0x0000000086b00000, 0x0000000086b00000, 0x0000000086c00000|  0%| F|  |TAMS 0x0000000086b00000, 0x0000000086b00000| Untracked 
|  76|0x0000000086c00000, 0x0000000086c00000, 0x0000000086d00000|  0%| F|  |TAMS 0x0000000086c00000, 0x0000000086c00000| Untracked 
|  77|0x0000000086d00000, 0x0000000086d00000, 0x0000000086e00000|  0%| F|  |TAMS 0x0000000086d00000, 0x0000000086d00000| Untracked 
|  78|0x0000000086e00000, 0x0000000086e00000, 0x0000000086f00000|  0%| F|  |TAMS 0x0000000086e00000, 0x0000000086e00000| Untracked 
|  79|0x0000000086f00000, 0x0000000086f00000, 0x0000000087000000|  0%| F|  |TAMS 0x0000000086f00000, 0x0000000086f00000| Untracked 
|  80|0x0000000087000000, 0x0000000087000000, 0x0000000087100000|  0%| F|  |TAMS 0x0000000087000000, 0x0000000087000000| Untracked 
|  81|0x0000000087100000, 0x0000000087100000, 0x0000000087200000|  0%| F|  |TAMS 0x0000000087100000, 0x0000000087100000| Untracked 
|  82|0x0000000087200000, 0x0000000087200000, 0x0000000087300000|  0%| F|  |TAMS 0x0000000087200000, 0x0000000087200000| Untracked 
|  83|0x0000000087300000, 0x0000000087300000, 0x0000000087400000|  0%| F|  |TAMS 0x0000000087300000, 0x0000000087300000| Untracked 
|  84|0x0000000087400000, 0x0000000087400000, 0x0000000087500000|  0%| F|  |TAMS 0x0000000087400000, 0x0000000087400000| Untracked 
|  85|0x0000000087500000, 0x0000000087500000, 0x0000000087600000|  0%| F|  |TAMS 0x0000000087500000, 0x0000000087500000| Untracked 
|  86|0x0000000087600000, 0x0000000087600000, 0x0000000087700000|  0%| F|  |TAMS 0x0000000087600000, 0x0000000087600000| Untracked 
|  87|0x0000000087700000, 0x0000000087700000, 0x0000000087800000|  0%| F|  |TAMS 0x0000000087700000, 0x0000000087700000| Untracked 
|  88|0x0000000087800000, 0x0000000087800000, 0x0000000087900000|  0%| F|  |TAMS 0x0000000087800000, 0x0000000087800000| Untracked 
|  89|0x0000000087900000, 0x0000000087900000, 0x0000000087a00000|  0%| F|  |TAMS 0x0000000087900000, 0x0000000087900000| Untracked 
|  90|0x0000000087a00000, 0x0000000087a00000, 0x0000000087b00000|  0%| F|  |TAMS 0x0000000087a00000, 0x0000000087a00000| Untracked 
|  91|0x0000000087b00000, 0x0000000087b00000, 0x0000000087c00000|  0%| F|  |TAMS 0x0000000087b00000, 0x0000000087b00000| Untracked 
|  92|0x0000000087c00000, 0x0000000087c00000, 0x0000000087d00000|  0%| F|  |TAMS 0x0000000087c00000, 0x0000000087c00000| Untracked 
|  93|0x0000000087d00000, 0x0000000087d00000, 0x0000000087e00000|  0%| F|  |TAMS 0x0000000087d00000, 0x0000000087d00000| Untracked 
|  94|0x0000000087e00000, 0x0000000087e00000, 0x0000000087f00000|  0%| F|  |TAMS 0x0000000087e00000, 0x0000000087e00000| Untracked 
|  95|0x0000000087f00000, 0x0000000087f00000, 0x0000000088000000|  0%| F|  |TAMS 0x0000000087f00000, 0x0000000087f00000| Untracked 
|  96|0x0000000088000000, 0x0000000088000000, 0x0000000088100000|  0%| F|  |TAMS 0x0000000088000000, 0x0000000088000000| Untracked 
|  97|0x0000000088100000, 0x0000000088100000, 0x0000000088200000|  0%| F|  |TAMS 0x0000000088100000, 0x0000000088100000| Untracked 
|  98|0x0000000088200000, 0x0000000088200000, 0x0000000088300000|  0%| F|  |TAMS 0x0000000088200000, 0x0000000088200000| Untracked 
|  99|0x0000000088300000, 0x0000000088300000, 0x0000000088400000|  0%| F|  |TAMS 0x0000000088300000, 0x0000000088300000| Untracked 
| 100|0x0000000088400000, 0x0000000088400000, 0x0000000088500000|  0%| F|  |TAMS 0x0000000088400000, 0x0000000088400000| Untracked 
| 101|0x0000000088500000, 0x0000000088500000, 0x0000000088600000|  0%| F|  |TAMS 0x0000000088500000, 0x0000000088500000| Untracked 
| 102|0x0000000088600000, 0x0000000088600000, 0x0000000088700000|  0%| F|  |TAMS 0x0000000088600000, 0x0000000088600000| Untracked 
| 103|0x0000000088700000, 0x0000000088700000, 0x0000000088800000|  0%| F|  |TAMS 0x0000000088700000, 0x0000000088700000| Untracked 
| 104|0x0000000088800000, 0x0000000088800000, 0x0000000088900000|  0%| F|  |TAMS 0x0000000088800000, 0x0000000088800000| Untracked 
| 105|0x0000000088900000, 0x0000000088900000, 0x0000000088a00000|  0%| F|  |TAMS 0x0000000088900000, 0x0000000088900000| Untracked 
| 106|0x0000000088a00000, 0x0000000088a00000, 0x0000000088b00000|  0%| F|  |TAMS 0x0000000088a00000, 0x0000000088a00000| Untracked 
| 107|0x0000000088b00000, 0x0000000088b00000, 0x0000000088c00000|  0%| F|  |TAMS 0x0000000088b00000, 0x0000000088b00000| Untracked 
| 108|0x0000000088c00000, 0x0000000088c00000, 0x0000000088d00000|  0%| F|  |TAMS 0x0000000088c00000, 0x0000000088c00000| Untracked 
| 109|0x0000000088d00000, 0x0000000088d00000, 0x0000000088e00000|  0%| F|  |TAMS 0x0000000088d00000, 0x0000000088d00000| Untracked 
| 110|0x0000000088e00000, 0x0000000088e00000, 0x0000000088f00000|  0%| F|  |TAMS 0x0000000088e00000, 0x0000000088e00000| Untracked 
| 111|0x0000000088f00000, 0x0000000089000000, 0x0000000089000000|100%| S|CS|TAMS 0x0000000088f00000, 0x0000000088f00000| Complete 
| 112|0x0000000089000000, 0x0000000089100000, 0x0000000089100000|100%| S|CS|TAMS 0x0000000089000000, 0x0000000089000000| Complete 
| 113|0x0000000089100000, 0x0000000089100000, 0x0000000089200000|  0%| F|  |TAMS 0x0000000089100000, 0x0000000089100000| Untracked 
| 114|0x0000000089200000, 0x0000000089200000, 0x0000000089300000|  0%| F|  |TAMS 0x0000000089200000, 0x0000000089200000| Untracked 
| 115|0x0000000089300000, 0x0000000089300000, 0x0000000089400000|  0%| F|  |TAMS 0x0000000089300000, 0x0000000089300000| Untracked 
| 116|0x0000000089400000, 0x0000000089400000, 0x0000000089500000|  0%| F|  |TAMS 0x0000000089400000, 0x0000000089400000| Untracked 
| 117|0x0000000089500000, 0x0000000089500000, 0x0000000089600000|  0%| F|  |TAMS 0x0000000089500000, 0x0000000089500000| Untracked 
| 118|0x0000000089600000, 0x0000000089600000, 0x0000000089700000|  0%| F|  |TAMS 0x0000000089600000, 0x0000000089600000| Untracked 
| 119|0x0000000089700000, 0x0000000089700000, 0x0000000089800000|  0%| F|  |TAMS 0x0000000089700000, 0x0000000089700000| Untracked 
| 120|0x0000000089800000, 0x0000000089800000, 0x0000000089900000|  0%| F|  |TAMS 0x0000000089800000, 0x0000000089800000| Untracked 
| 121|0x0000000089900000, 0x0000000089900000, 0x0000000089a00000|  0%| F|  |TAMS 0x0000000089900000, 0x0000000089900000| Untracked 
| 122|0x0000000089a00000, 0x0000000089a00000, 0x0000000089b00000|  0%| F|  |TAMS 0x0000000089a00000, 0x0000000089a00000| Untracked 
| 123|0x0000000089b00000, 0x0000000089b00000, 0x0000000089c00000|  0%| F|  |TAMS 0x0000000089b00000, 0x0000000089b00000| Untracked 
| 124|0x0000000089c00000, 0x0000000089c00000, 0x0000000089d00000|  0%| F|  |TAMS 0x0000000089c00000, 0x0000000089c00000| Untracked 
| 125|0x0000000089d00000, 0x0000000089de4ef8, 0x0000000089e00000| 89%| E|  |TAMS 0x0000000089d00000, 0x0000000089d00000| Complete 

Card table byte_map: [0x000001da7bfd0000,0x000001da7c3c0000] _byte_map_base: 0x000001da7bbc0000

Marking Bits (Prev, Next): (CMBitMap*) 0x000001da79d4f030, (CMBitMap*) 0x000001da79d4f070
 Prev Bits: [0x000001da7c7b0000, 0x000001da7e730000)
 Next Bits: [0x000001da17160000, 0x000001da190e0000)

Polling page: 0x000001da79de0000

Metaspace:

Usage:
  Non-class:      6.16 MB capacity,     6.10 MB (>99%) used,    45.42 KB ( <1%) free+waste,    10.50 KB ( <1%) overhead. 
      Class:    805.00 KB capacity,   747.27 KB ( 93%) used,    53.04 KB (  7%) free+waste,     4.69 KB ( <1%) overhead. 
       Both:      6.94 MB capacity,     6.83 MB ( 98%) used,    98.46 KB (  1%) free+waste,    15.19 KB ( <1%) overhead. 

Virtual space:
  Non-class space:        8.00 MB reserved,       6.25 MB ( 78%) committed 
      Class space:        1.00 GB reserved,     896.00 KB ( <1%) committed 
             Both:        1.01 GB reserved,       7.12 MB ( <1%) committed 

Chunk freelists:
   Non-Class:  33.00 KB
       Class:  0 bytes
        Both:  33.00 KB

MaxMetaspaceSize: 17179869184.00 GB
CompressedClassSpaceSize: 1.00 GB

CodeHeap 'non-profiled nmethods': size=120000Kb used=259Kb max_used=259Kb free=119740Kb
 bounds [0x000001da0fc30000, 0x000001da0fea0000, 0x000001da17160000]
CodeHeap 'profiled nmethods': size=120000Kb used=1451Kb max_used=1451Kb free=118549Kb
 bounds [0x000001da08700000, 0x000001da08970000, 0x000001da0fc30000]
CodeHeap 'non-nmethods': size=5760Kb used=1260Kb max_used=1275Kb free=4499Kb
 bounds [0x000001da08160000, 0x000001da083d0000, 0x000001da08700000]
 total_blobs=1455 nmethods=910 adapters=458
 compilation: enabled
              stopped_count=0, restarted_count=0
 full_count=0

Compilation events (20 events):
Event: 0.500 Thread 0x000001da7ed844a0 nmethod 809 0x000001da0883eb10 code [0x000001da0883ed40, 0x000001da0883f348]
Event: 0.500 Thread 0x000001da7ed844a0  808       3       java.awt.Component$1::getAppContext (5 bytes)
Event: 0.500 Thread 0x000001da7ed844a0 nmethod 808 0x000001da0883f610 code [0x000001da0883f7a0, 0x000001da0883f898]
Event: 0.500 Thread 0x000001da7ed844a0  811   !   3       javax.swing.UIManager::getLAFState (61 bytes)
Event: 0.501 Thread 0x000001da7ed844a0 nmethod 811 0x000001da0883f990 code [0x000001da0883fbe0, 0x000001da08840348]
Event: 0.501 Thread 0x000001da7ed844a0  810       3       java.lang.reflect.Array::newInstance (6 bytes)
Event: 0.502 Thread 0x000001da7ed844a0 nmethod 810 0x000001da08840690 code [0x000001da08840820, 0x000001da08840928]
Event: 0.502 Thread 0x000001da7ed844a0  812       3       java.lang.StringLatin1::newString (24 bytes)
Event: 0.502 Thread 0x000001da7ed844a0 nmethod 812 0x000001da08840a10 code [0x000001da08840bc0, 0x000001da08840ec8]
Event: 0.502 Thread 0x000001da7ed844a0  813       3       java.lang.StringLatin1::indexOf (121 bytes)
Event: 0.502 Thread 0x000001da7ed844a0 nmethod 813 0x000001da08841010 code [0x000001da088411e0, 0x000001da088416b8]
Event: 0.502 Thread 0x000001da7ed844a0  814       3       jdk.internal.logger.SimpleConsoleLogger::isLoggable (29 bytes)
Event: 0.503 Thread 0x000001da7ed844a0 nmethod 814 0x000001da08841910 code [0x000001da08841ac0, 0x000001da08841e08]
Event: 0.503 Thread 0x000001da7ed844a0  815       3       jdk.internal.logger.SimpleConsoleLogger::effectiveLevel (17 bytes)
Event: 0.504 Thread 0x000001da7ed844a0 nmethod 815 0x000001da08841f10 code [0x000001da088420c0, 0x000001da088422c8]
Event: 0.504 Thread 0x000001da7ed844a0  816       3       jdk.internal.logger.SurrogateLogger::defaultPlatformLevel (4 bytes)
Event: 0.504 Thread 0x000001da7ed844a0 nmethod 816 0x000001da08842390 code [0x000001da08842520, 0x000001da08842638]
Event: 0.505 Thread 0x000001da7ed844a0  817       3       jdk.internal.reflect.ClassFileAssembler::emitByte (11 bytes)
Event: 0.505 Thread 0x000001da7ed844a0 nmethod 817 0x000001da08842710 code [0x000001da088428c0, 0x000001da08842a48]
Event: 0.505 Thread 0x000001da7ed844a0  818       3       jdk.internal.reflect.ByteVectorImpl::add (38 bytes)

GC Heap History (0 events):
No events

Deoptimization events (20 events):
Event: 0.495 Thread 0x000001da1b1b74b0 DEOPT PACKING pc=0x000001da0881a1b4 sp=0x0000008e3cffed10
Event: 0.495 Thread 0x000001da1b1b74b0 DEOPT UNPACKING pc=0x000001da081ae23f sp=0x0000008e3cffe180 mode 0
Event: 0.495 Thread 0x000001da1b1b74b0 DEOPT PACKING pc=0x000001da08822524 sp=0x0000008e3cffed90
Event: 0.495 Thread 0x000001da1b1b74b0 DEOPT UNPACKING pc=0x000001da081ae23f sp=0x0000008e3cffe3c0 mode 0
Event: 0.495 Thread 0x000001da1b1b74b0 DEOPT PACKING pc=0x000001da0881a1b4 sp=0x0000008e3cffed10
Event: 0.495 Thread 0x000001da1b1b74b0 DEOPT UNPACKING pc=0x000001da081ae23f sp=0x0000008e3cffe180 mode 0
Event: 0.495 Thread 0x000001da1b1b74b0 DEOPT PACKING pc=0x000001da0881a1b4 sp=0x0000008e3cffed10
Event: 0.495 Thread 0x000001da1b1b74b0 DEOPT UNPACKING pc=0x000001da081ae23f sp=0x0000008e3cffe180 mode 0
Event: 0.495 Thread 0x000001da1b1b74b0 DEOPT PACKING pc=0x000001da0881a1b4 sp=0x0000008e3cffed10
Event: 0.495 Thread 0x000001da1b1b74b0 DEOPT UNPACKING pc=0x000001da081ae23f sp=0x0000008e3cffe180 mode 0
Event: 0.495 Thread 0x000001da1b1b74b0 DEOPT PACKING pc=0x000001da08822524 sp=0x0000008e3cffed90
Event: 0.495 Thread 0x000001da1b1b74b0 DEOPT UNPACKING pc=0x000001da081ae23f sp=0x0000008e3cffe3c0 mode 0
Event: 0.495 Thread 0x000001da1b1b74b0 DEOPT PACKING pc=0x000001da0881a1b4 sp=0x0000008e3cffed10
Event: 0.495 Thread 0x000001da1b1b74b0 DEOPT UNPACKING pc=0x000001da081ae23f sp=0x0000008e3cffe180 mode 0
Event: 0.496 Thread 0x000001da1b1b74b0 DEOPT PACKING pc=0x000001da08822524 sp=0x0000008e3cffed90
Event: 0.496 Thread 0x000001da1b1b74b0 DEOPT UNPACKING pc=0x000001da081ae23f sp=0x0000008e3cffe3c0 mode 0
Event: 0.496 Thread 0x000001da1b1b74b0 DEOPT PACKING pc=0x000001da08822524 sp=0x0000008e3cffed90
Event: 0.496 Thread 0x000001da1b1b74b0 DEOPT UNPACKING pc=0x000001da081ae23f sp=0x0000008e3cffe3c0 mode 0
Event: 0.496 Thread 0x000001da1b1b74b0 DEOPT PACKING pc=0x000001da08822524 sp=0x0000008e3cffed90
Event: 0.496 Thread 0x000001da1b1b74b0 DEOPT UNPACKING pc=0x000001da081ae23f sp=0x0000008e3cffe3c0 mode 0

Classes unloaded (0 events):
No events

Classes redefined (0 events):
No events

Internal exceptions (13 events):
Event: 0.070 Thread 0x000001da79d15390 Exception <a 'java/lang/NoSuchMethodError'{0x0000000089df2b50}: 'void java.lang.invoke.DirectMethodHandle$Holder.invokeSpecial(java.lang.Object, java.lang.Object, java.lang.Object)'> (0x0000000089df2b50) 
thrown [./open/src/hotspot/share/interpreter/linkResolver.cpp, line 782]
Event: 0.123 Thread 0x000001da79d15390 Exception <a 'java/lang/ClassNotFoundException'{0x00000000899586d8}: sun/awt/resources/spi/awtProvider> (0x00000000899586d8) 
thrown [./open/src/hotspot/share/classfile/systemDictionary.cpp, line 295]
Event: 0.148 Thread 0x000001da79d15390 Exception <a 'java/io/FileNotFoundException'{0x00000000899b45f8}> (0x00000000899b45f8) 
thrown [./open/src/hotspot/share/prims/jni.cpp, line 578]
Event: 0.157 Thread 0x000001da79d15390 Exception <a 'java/io/FileNotFoundException'{0x00000000899e30e8}> (0x00000000899e30e8) 
thrown [./open/src/hotspot/share/prims/jni.cpp, line 578]
Event: 0.157 Thread 0x000001da79d15390 Exception <a 'java/lang/NoSuchMethodError'{0x00000000899e42d0}: 'java.lang.Object java.lang.invoke.DirectMethodHandle$Holder.invokeStatic(java.lang.Object)'> (0x00000000899e42d0) 
thrown [./open/src/hotspot/share/interpreter/linkResolver.cpp, line 782]
Event: 0.194 Thread 0x000001da79d15390 Exception <a 'java/lang/NoSuchMethodError'{0x0000000089840080}: 'java.lang.Object java.lang.invoke.DirectMethodHandle$Holder.invokeStaticInit(java.lang.Object)'> (0x0000000089840080) 
thrown [./open/src/hotspot/share/interpreter/linkResolver.cpp, line 782]
Event: 0.239 Thread 0x000001da79d15390 Exception <a 'java/lang/NoSuchMethodError'{0x00000000898f50c0}: 'java.lang.Object java.lang.invoke.DirectMethodHandle$Holder.newInvokeSpecial(java.lang.Object, java.lang.Object, java.lang.Object, java.lang.Object, java.lang.Object)'> (0x00000000898f50c0) 
thrown [./open/src/hotspot/share/interpreter/linkResolver.cpp, line 782]
Event: 0.241 Thread 0x000001da79d15390 Exception <a 'java/lang/NoSuchMethodError'{0x0000000089701008}: 'java.lang.Object java.lang.invoke.DirectMethodHandle$Holder.invokeStatic(java.lang.Object, int, java.lang.Object, java.lang.Object, java.lang.Object, java.lang.Object)'> (0x0000000089701008) 
thrown [./open/src/hotspot/share/interpreter/linkResolver.cpp, line 782]
Event: 0.246 Thread 0x000001da79d15390 Exception <a 'java/lang/NoSuchMethodError'{0x00000000897272b0}: 'java.lang.Object java.lang.invoke.DirectMethodHandle$Holder.invokeStatic(java.lang.Object, int, java.lang.Object)'> (0x00000000897272b0) 
thrown [./open/src/hotspot/share/interpreter/linkResolver.cpp, line 782]
Event: 0.276 Thread 0x000001da79d15390 Exception <a 'java/lang/ClassNotFoundException'{0x00000000897df810}: com/sun/swing/internal/plaf/metal/resources/spi/metalProvider> (0x00000000897df810) 
thrown [./open/src/hotspot/share/classfile/systemDictionary.cpp, line 295]
Event: 0.277 Thread 0x000001da79d15390 Exception <a 'java/lang/ClassNotFoundException'{0x00000000897e3c70}: com/sun/swing/internal/plaf/basic/resources/spi/basicProvider> (0x00000000897e3c70) 
thrown [./open/src/hotspot/share/classfile/systemDictionary.cpp, line 295]
Event: 0.310 Thread 0x000001da79d15390 Exception <a 'java/lang/NoSuchMethodError'{0x000000008961eab0}: 'void java.lang.invoke.DirectMethodHandle$Holder.invokeStaticInit(java.lang.Object)'> (0x000000008961eab0) 
thrown [./open/src/hotspot/share/interpreter/linkResolver.cpp, line 782]
Event: 0.438 Thread 0x000001da1b1b74b0 Exception <a 'java/lang/NoSuchMethodError'{0x00000000894c50c8}: 'java.lang.Object java.lang.invoke.DirectMethodHandle$Holder.newInvokeSpecial(java.lang.Object, java.lang.Object, java.lang.Object, int, int, int, int, int)'> (0x00000000894c50c8) 
thrown [./open/src/hotspot/share/interpreter/linkResolver.cpp, line 782]

Events (20 events):
Event: 0.504 loading class jdk/internal/reflect/MethodAccessorGenerator
Event: 0.504 loading class jdk/internal/reflect/AccessorGenerator
Event: 0.504 loading class jdk/internal/reflect/ClassFileConstants
Event: 0.504 loading class jdk/internal/reflect/ClassFileConstants done
Event: 0.504 loading class jdk/internal/reflect/AccessorGenerator done
Event: 0.504 loading class jdk/internal/reflect/MethodAccessorGenerator done
Event: 0.504 loading class jdk/internal/reflect/ByteVectorFactory
Event: 0.504 loading class jdk/internal/reflect/ByteVectorFactory done
Event: 0.504 loading class jdk/internal/reflect/ByteVectorImpl
Event: 0.504 loading class jdk/internal/reflect/ByteVector
Event: 0.504 loading class jdk/internal/reflect/ByteVector done
Event: 0.504 loading class jdk/internal/reflect/ByteVectorImpl done
Event: 0.504 loading class jdk/internal/reflect/ClassFileAssembler
Event: 0.505 loading class jdk/internal/reflect/ClassFileAssembler done
Event: 0.505 loading class jdk/internal/reflect/UTF8
Event: 0.505 loading class jdk/internal/reflect/UTF8 done
Event: 0.505 loading class jdk/internal/reflect/Label
Event: 0.505 loading class jdk/internal/reflect/Label done
Event: 0.505 loading class jdk/internal/reflect/Label$PatchInfo
Event: 0.505 loading class jdk/internal/reflect/Label$PatchInfo done


Dynamic libraries:
0x00007ff72e750000 - 0x00007ff72e75f000 	C:\Program Files\Java\jdk-15\bin\javaw.exe
0x00007ff83f110000 - 0x00007ff83f306000 	C:\Windows\SYSTEM32\ntdll.dll
0x00007ff83ef50000 - 0x00007ff83f00d000 	C:\Windows\System32\KERNEL32.DLL
0x00007ff83cb60000 - 0x00007ff83ce29000 	C:\Windows\System32\KERNELBASE.dll
0x00007ff839620000 - 0x00007ff8396b0000 	C:\Windows\SYSTEM32\apphelp.dll
0x00007ff83c8b0000 - 0x00007ff83c9b0000 	C:\Windows\System32\ucrtbase.dll
0x00007ff82c450000 - 0x00007ff82c468000 	C:\Program Files\Java\jdk-15\bin\jli.dll
0x00007ff83e760000 - 0x00007ff83e80c000 	C:\Windows\System32\ADVAPI32.dll
0x00007ff83f010000 - 0x00007ff83f0ae000 	C:\Windows\System32\msvcrt.dll
0x00007ff83d290000 - 0x00007ff83d32c000 	C:\Windows\System32\sechost.dll
0x00007ff83e8b0000 - 0x00007ff83e9db000 	C:\Windows\System32\RPCRT4.dll
0x00007ff83d330000 - 0x00007ff83d4d0000 	C:\Windows\System32\USER32.dll
0x00007ff83cf30000 - 0x00007ff83cf52000 	C:\Windows\System32\win32u.dll
0x00007ff83d4d0000 - 0x00007ff83d4fa000 	C:\Windows\System32\GDI32.dll
0x00007ff83ca50000 - 0x00007ff83cb5b000 	C:\Windows\System32\gdi32full.dll
0x00007ff83c9b0000 - 0x00007ff83ca4d000 	C:\Windows\System32\msvcp_win.dll
0x00007ff82c080000 - 0x00007ff82c099000 	C:\Program Files\Java\jdk-15\bin\VCRUNTIME140.dll
0x00007ff829960000 - 0x00007ff829bfb000 	C:\Windows\WinSxS\amd64_microsoft.windows.common-controls_6595b64144ccf1df_6.0.19041.746_none_ca02b4b61b8320a4\COMCTL32.dll
0x00007ff836d80000 - 0x00007ff836d8a000 	C:\Windows\SYSTEM32\VERSION.dll
0x00007ff83ec70000 - 0x00007ff83eca0000 	C:\Windows\System32\IMM32.DLL
0x00007ff82d310000 - 0x00007ff82d31c000 	C:\Program Files\Java\jdk-15\bin\vcruntime140_1.dll
0x00007ff826250000 - 0x00007ff8262e1000 	C:\Program Files\Java\jdk-15\bin\msvcp140.dll
0x00007ffff9f50000 - 0x00007ffffaaac000 	C:\Program Files\Java\jdk-15\bin\server\jvm.dll
0x00007ff83f0b0000 - 0x00007ff83f0b8000 	C:\Windows\System32\PSAPI.DLL
0x00007ff825fd0000 - 0x00007ff825fd9000 	C:\Windows\SYSTEM32\WSOCK32.dll
0x00007ff829ea0000 - 0x00007ff829ec7000 	C:\Windows\SYSTEM32\WINMM.dll
0x00007ff83e6f0000 - 0x00007ff83e75b000 	C:\Windows\System32\WS2_32.dll
0x00007ff83b470000 - 0x00007ff83b482000 	C:\Windows\SYSTEM32\kernel.appcore.dll
0x00007ff8352c0000 - 0x00007ff8352ca000 	C:\Program Files\Java\jdk-15\bin\jimage.dll
0x00007ff83ae40000 - 0x00007ff83b024000 	C:\Windows\SYSTEM32\DBGHELP.DLL
0x00007ff821260000 - 0x00007ff82128c000 	C:\Windows\SYSTEM32\dbgcore.DLL
0x00007ff83cf60000 - 0x00007ff83cfe0000 	C:\Windows\System32\bcryptPrimitives.dll
0x00007ff8298b0000 - 0x00007ff8298d5000 	C:\Program Files\Java\jdk-15\bin\java.dll
0x00007ff83d500000 - 0x00007ff83dc43000 	C:\Windows\System32\SHELL32.dll
0x00007ff83a5e0000 - 0x00007ff83ad6f000 	C:\Windows\SYSTEM32\windows.storage.dll
0x00007ff83e330000 - 0x00007ff83e686000 	C:\Windows\System32\combase.dll
0x00007ff83c2b0000 - 0x00007ff83c2dc000 	C:\Windows\SYSTEM32\Wldp.dll
0x00007ff83dc50000 - 0x00007ff83dcfe000 	C:\Windows\System32\SHCORE.dll
0x00007ff83e2c0000 - 0x00007ff83e315000 	C:\Windows\System32\shlwapi.dll
0x00007ff83c780000 - 0x00007ff83c7a6000 	C:\Windows\SYSTEM32\profapi.dll
0x00007ff835240000 - 0x00007ff835259000 	C:\Program Files\Java\jdk-15\bin\net.dll
0x00007ff82f7f0000 - 0x00007ff82f8f0000 	C:\Windows\SYSTEM32\WINHTTP.dll
0x00007ff83c030000 - 0x00007ff83c09a000 	C:\Windows\system32\mswsock.dll
0x00007ff834970000 - 0x00007ff834982000 	C:\Program Files\Java\jdk-15\bin\nio.dll
0x00007ff82ded0000 - 0x00007ff82dee8000 	C:\Program Files\Java\jdk-15\bin\zip.dll
0x00007ff804550000 - 0x00007ff8046d0000 	C:\Program Files\Java\jdk-15\bin\awt.dll
0x00007ff83ed50000 - 0x00007ff83ee1d000 	C:\Windows\System32\OLEAUT32.dll
0x00007ff839f90000 - 0x00007ff839fbf000 	C:\Windows\system32\DWMAPI.DLL
0x00007ff839c60000 - 0x00007ff839cfe000 	C:\Windows\system32\uxtheme.dll
0x00007ff8259f0000 - 0x00007ff825b15000 	C:\Windows\system32\opengl32.dll
0x00007ff8259c0000 - 0x00007ff8259ec000 	C:\Windows\SYSTEM32\GLU32.dll
0x00007ff83d170000 - 0x00007ff83d286000 	C:\Windows\System32\MSCTF.dll
0x00007ff83ee20000 - 0x00007ff83ef4a000 	C:\Windows\System32\ole32.dll
0x00007ff81a880000 - 0x00007ff81a905000 	C:\Program Files\Java\jdk-15\bin\freetype.dll
0x00007ff8036e0000 - 0x00007ff803789000 	C:\Program Files\Java\jdk-15\bin\fontmanager.dll
0x00007ff82d210000 - 0x00007ff82d30b000 	C:\Windows\SYSTEM32\textinputframework.dll
0x00007ff838590000 - 0x00007ff838682000 	C:\Windows\System32\CoreMessaging.dll
0x00007ff8391c0000 - 0x00007ff83951e000 	C:\Windows\System32\CoreUIComponents.dll
0x00007ff83b590000 - 0x00007ff83b5c3000 	C:\Windows\SYSTEM32\ntmarta.dll
0x00007ff837fd0000 - 0x00007ff838124000 	C:\Windows\SYSTEM32\wintypes.dll

dbghelp: loaded successfully - version: 4.0.5 - missing functions: none
symbol engine: initialized successfully - sym options: 0x614 - pdb path: .;C:\Program Files\Java\jdk-15\bin;C:\Windows\SYSTEM32;C:\Windows\WinSxS\amd64_microsoft.windows.common-controls_6595b64144ccf1df_6.0.19041.746_none_ca02b4b61b8320a4;C:\Program Files\Java\jdk-15\bin\server

VM Arguments:
jvm_args: -Dfile.encoding=Cp1254 -XX:+ShowCodeDetailsInExceptionMessages 
java_command: Cse241_Hw7.main
java_class_path (initial): C:\Users\husey\eclipse-workspace\deneme\bin;C:\Users\husey\.p2\pool\plugins\org.eclipse.osgi_3.16.100.v20201030-1916.jar;C:\Users\husey\.p2\pool\plugins\org.eclipse.core.commands_3.9.800.v20201021-1339.jar;C:\Users\husey\.p2\pool\plugins\org.eclipse.equinox.common_3.14.0.v20201102-2053.jar;C:\Users\husey\.p2\pool\plugins\org.eclipse.equinox.registry_3.10.0.v20201107-1818.jar;C:\Users\husey\.p2\pool\plugins\org.eclipse.core.runtime_3.20.0.v20201027-1526.jar;C:\Users\husey\.p2\pool\plugins\org.eclipse.text_3.10.400.v20200925-0557.jar;C:\Users\husey\.p2\pool\plugins\org.eclipse.swt.win32.win32.x86_64_3.115.100.v20201202-1103.jar;C:\Users\husey\.p2\pool\plugins\org.eclipse.jface_3.22.0.v20201106-0834.jar;C:\Users\husey\.p2\pool\plugins\org.eclipse.jface.text_3.16.500.v20201112-1545.jar;C:\Users\husey\.p2\pool\plugins\org.eclipse.ui.workbench_3.122.0.v20201122-1345.jar;C:\Users\husey\.p2\pool\plugins\com.ibm.icu_67.1.0.v20200706-1749.jar;C:\Users\husey\.p2\pool\plugins\org.eclipse.ui.forms_3.11.0.v20201025-0656.jar
Launcher Type: SUN_STANDARD

[Global flags]
     intx CICompilerCount                          = 3                                         {product} {ergonomic}
     uint ConcGCThreads                            = 1                                         {product} {ergonomic}
     uint G1ConcRefinementThreads                  = 4                                         {product} {ergonomic}
   size_t G1HeapRegionSize                         = 1048576                                   {product} {ergonomic}
    uintx GCDrainStackTargetSize                   = 64                                        {product} {ergonomic}
   size_t InitialHeapSize                          = 132120576                                 {product} {ergonomic}
   size_t MarkStackSize                            = 4194304                                   {product} {ergonomic}
   size_t MaxHeapSize                              = 2113929216                                {product} {ergonomic}
   size_t MaxNewSize                               = 1267728384                                {product} {ergonomic}
   size_t MinHeapDeltaBytes                        = 1048576                                   {product} {ergonomic}
   size_t MinHeapSize                              = 8388608                                   {product} {ergonomic}
    uintx NonNMethodCodeHeapSize                   = 5832780                                {pd product} {ergonomic}
    uintx NonProfiledCodeHeapSize                  = 122912730                              {pd product} {ergonomic}
    uintx ProfiledCodeHeapSize                     = 122912730                              {pd product} {ergonomic}
    uintx ReservedCodeCacheSize                    = 251658240                              {pd product} {ergonomic}
     bool SegmentedCodeCache                       = true                                      {product} {ergonomic}
     bool ShowCodeDetailsInExceptionMessages       = true                                   {manageable} {command line}
   size_t SoftMaxHeapSize                          = 2113929216                             {manageable} {ergonomic}
     bool UseCompressedClassPointers               = true                                 {lp64_product} {ergonomic}
     bool UseCompressedOops                        = true                                 {lp64_product} {ergonomic}
     bool UseG1GC                                  = true                                      {product} {ergonomic}
     bool UseLargePagesIndividualAllocation        = false                                  {pd product} {ergonomic}

Logging:
Log output configuration:
 #0: stdout all=warning uptime,level,tags
 #1: stderr all=off uptime,level,tags

Environment Variables:
PATH=C:/Program Files/Java/jdk-15/bin/server;C:/Program Files/Java/jdk-15/bin;C:\Program Files (x86)\Common Files\Oracle\Java\javapath;C:\Program Files\Common Files\Oracle\Java\javapath;C:\Windows\system32;C:\Windows;C:\Windows\System32\Wbem;C:\Windows\System32\WindowsPowerShell\v1.0\;C:\Windows\System32\OpenSSH\;C:\Program Files (x86)\NVIDIA Corporation\PhysX\Common;C:\Program Files\Git\cmd;C:\MinGW\bin;C:\Users\husey\AppData\Local\Microsoft\WindowsApps;;C:\Users\husey\AppData\Local\Programs\Microsoft VS Code\bin;C:\Windows\System32;
USERNAME=husey
OS=Windows_NT
PROCESSOR_IDENTIFIER=Intel64 Family 6 Model 158 Stepping 9, GenuineIntel



---------------  S Y S T E M  ---------------

OS:
 Windows 10 , 64 bit Build 19041 (10.0.19041.662)
OS uptime: 4 days 1:18 hours

CPU: total 4 (initial active 4) (4 cores per cpu, 1 threads per core) family 6 model 158 stepping 9, cmov, cx8, fxsr, mmx, sse, sse2, sse3, ssse3, sse4.1, sse4.2, popcnt, vzeroupper, avx, avx2, aes, clmul, erms, 3dnowpref, lzcnt, tsc, tscinvbit, bmi1, bmi2, adx, fma, clflush, clflushopt

Memory: 4k page, system-wide physical 8057M (765M free)
TotalPageFile size 20479M (AvailPageFile size 2M)
current process WorkingSet (physical memory assigned to process): 74M, peak: 74M
current process commit charge ("private bytes"): 213M, peak: 213M

vm_info: Java HotSpot(TM) 64-Bit Server VM (15+36-1562) for windows-amd64 JRE (15+36-1562), built on Aug 11 2020 22:38:02 by "mach5one" with unknown MS VC++:1925

END.
